Log file open, 11/04/21 16:18:47
LogWindows: Failed to load 'aqProf.dll' (GetLastError=126)
LogWindows: File 'aqProf.dll' does not exist
LogWindows: Failed to load 'VtuneApi.dll' (GetLastError=126)
LogWindows: File 'VtuneApi.dll' does not exist
LogWindows: Failed to load 'VtuneApi32e.dll' (GetLastError=126)
LogWindows: File 'VtuneApi32e.dll' does not exist
LogConsoleResponse: Display: Failed to find resolution value strings in scalability ini. Falling back to default.
LogConsoleResponse: Display: Failed to find resolution value strings in scalability ini. Falling back to default.
LogInit: Display: Running engine for game: Fps3
LogPlatformFile: Not using cached read wrapper
LogTaskGraph: Started task graph with 5 named threads and 35 total threads with 3 sets of task threads.
LogStats: Stats thread started at 0.204722
LogICUInternationalization: ICU TimeZone Detection - Raw Offset: +8:00, Platform Override: ''
LogInit: Display: Loading text-based GConfig....
LogPluginManager: Mounting plugin MeshPainting
LogPluginManager: Mounting plugin XGEController
LogPluginManager: Mounting plugin LiveLink
LogPluginManager: Mounting plugin Paper2D
LogPluginManager: Mounting plugin AISupport
LogPluginManager: Mounting plugin EnvironmentQueryEditor
LogPluginManager: Mounting plugin AnimationSharing
LogPluginManager: Mounting plugin LightPropagationVolume
LogPluginManager: Mounting plugin CLionSourceCodeAccess
LogPluginManager: Mounting plugin CodeLiteSourceCodeAccess
LogPluginManager: Mounting plugin GitSourceControl
LogPluginManager: Mounting plugin NullSourceCodeAccess
LogPluginManager: Mounting plugin KDevelopSourceCodeAccess
LogPluginManager: Mounting plugin PlasticSourceControl
LogPluginManager: Mounting plugin PerforceSourceControl
LogPluginManager: Mounting plugin PixWinPlugin
LogPluginManager: Mounting plugin PropertyAccessNode
LogPluginManager: Mounting plugin RiderSourceCodeAccess
LogPluginManager: Mounting plugin TextureFormatOodle
LogPluginManager: Mounting plugin SubversionSourceControl
LogPluginManager: Mounting plugin UObjectPlugin
LogPluginManager: Mounting plugin VisualStudioSourceCodeAccess
LogPluginManager: Mounting plugin VisualStudioCodeSourceCodeAccess
LogPluginManager: Mounting plugin CameraShakePreviewer
LogPluginManager: Mounting plugin GameplayCameras
LogPluginManager: Mounting plugin PluginUtils
LogPluginManager: Mounting plugin DatasmithContent
LogPluginManager: Mounting plugin VariantManagerContent
LogPluginManager: Mounting plugin AlembicImporter
LogPluginManager: Mounting plugin AutomationUtils
LogPluginManager: Mounting plugin XCodeSourceCodeAccess
LogPluginManager: Mounting plugin BackChannel
LogPluginManager: Mounting plugin ChaosCloth
LogPluginManager: Mounting plugin ChaosEditor
LogPluginManager: Mounting plugin CharacterAI
LogPluginManager: Mounting plugin ChaosNiagara
LogPluginManager: Mounting plugin ChaosSolverPlugin
LogPluginManager: Mounting plugin ChaosClothEditor
LogPluginManager: Mounting plugin GeometryCollectionPlugin
LogPluginManager: Mounting plugin GeometryCache
LogPluginManager: Mounting plugin Niagara
LogPluginManager: Mounting plugin GeometryProcessing
LogPluginManager: Mounting plugin OodleData
LogPluginManager: Mounting plugin OpenImageDenoise
LogPluginManager: Mounting plugin MotoSynth
LogPluginManager: Mounting plugin OodleNetwork
LogPluginManager: Mounting plugin PlanarCut
LogPluginManager: Mounting plugin PlatformCrypto
LogPluginManager: Mounting plugin AssetManagerEditor
LogPluginManager: Mounting plugin ProxyLODPlugin
LogPluginManager: Mounting plugin PythonScriptPlugin
LogPluginManager: Mounting plugin CryptoKeys
LogPluginManager: Mounting plugin CurveEditorTools
LogPluginManager: Mounting plugin SkeletalReduction
LogPluginManager: Mounting plugin DataValidation
LogPluginManager: Mounting plugin FacialAnimation
LogPluginManager: Mounting plugin GameplayTagsEditor
LogPluginManager: Mounting plugin MacGraphicsSwitching
LogPluginManager: Mounting plugin MaterialAnalyzer
LogPluginManager: Mounting plugin MobileLauncherProfileWizard
LogPluginManager: Mounting plugin PluginBrowser
LogPluginManager: Mounting plugin SpeedTreeImporter
LogPluginManager: Mounting plugin LuminPlatformFeatures
LogPluginManager: Mounting plugin MagicLeap
LogPluginManager: Mounting plugin MagicLeapMedia
LogPluginManager: Mounting plugin MagicLeapLightEstimation
LogPluginManager: Mounting plugin GeometryMode
LogPluginManager: Mounting plugin MagicLeapPassableWorld
LogPluginManager: Mounting plugin MLSDK
LogPluginManager: Mounting plugin TcpMessaging
LogPluginManager: Mounting plugin UdpMessaging
LogPluginManager: Mounting plugin AndroidMedia
LogPluginManager: Mounting plugin AvfMedia
LogPluginManager: Mounting plugin ImgMedia
LogPluginManager: Mounting plugin MediaCompositing
LogPluginManager: Mounting plugin MediaPlayerEditor
LogPluginManager: Mounting plugin WebMMedia
LogPluginManager: Mounting plugin LauncherChunkInstaller
LogPluginManager: Mounting plugin WmfMedia
LogPluginManager: Mounting plugin ActorSequence
LogPluginManager: Mounting plugin MatineeToLevelSequence
LogPluginManager: Mounting plugin LevelSequenceEditor
LogPluginManager: Mounting plugin TemplateSequence
LogPluginManager: Mounting plugin ActorLayerUtilities
LogPluginManager: Mounting plugin AndroidMoviePlayer
LogPluginManager: Mounting plugin AndroidPermission
LogPluginManager: Mounting plugin AndroidDeviceProfileSelector
LogPluginManager: Mounting plugin AppleMoviePlayer
LogPluginManager: Mounting plugin AppleImageUtils
LogPluginManager: Mounting plugin ArchVisCharacter
LogPluginManager: Mounting plugin AudioCapture
LogPluginManager: Mounting plugin AssetTags
LogPluginManager: Mounting plugin AudioSynesthesia
LogPluginManager: Mounting plugin ChunkDownloader
LogPluginManager: Mounting plugin CustomMeshComponent
LogPluginManager: Mounting plugin CableComponent
LogPluginManager: Mounting plugin EditableMesh
LogPluginManager: Mounting plugin ExampleDeviceProfileSelector
LogPluginManager: Mounting plugin GoogleCloudMessaging
LogPluginManager: Mounting plugin GooglePAD
LogPluginManager: Mounting plugin ScreenshotTools
LogPluginManager: Mounting plugin LinuxDeviceProfileSelector
LogPluginManager: Mounting plugin IOSDeviceProfileSelector
LogPluginManager: Mounting plugin LocationServicesBPLibrary
LogPluginManager: Mounting plugin MobilePatchingUtils
LogPluginManager: Mounting plugin OpenXR
LogPluginManager: Mounting plugin OpenXREyeTracker
LogPluginManager: Mounting plugin OpenXRHandTracking
LogPluginManager: Mounting plugin PhysXVehicles
LogPluginManager: Mounting plugin OnlineSubsystem
LogPluginManager: Mounting plugin OnlineSubsystemNull
LogPluginManager: Mounting plugin OnlineSubsystemUtils
LogPluginManager: Mounting plugin PostSplashScreen
LogPluginManager: Mounting plugin PropertyAccessEditor
LogPluginManager: Mounting plugin RuntimePhysXCooking
LogPluginManager: Mounting plugin ProceduralMeshComponent
LogPluginManager: Mounting plugin SignificanceManager
LogPluginManager: Mounting plugin SoundFields
LogPluginManager: Mounting plugin Takes
LogPluginManager: Mounting plugin Synthesis
LogPluginManager: Mounting plugin WebMMoviePlayer
LogPluginManager: Mounting plugin WindowsMoviePlayer
LogPluginManager: Mounting plugin ContentBrowserAssetDataSource
LogPluginManager: Mounting plugin ContentBrowserFileDataSource
LogPluginManager: Mounting plugin ContentBrowserClassDataSource
LogPluginManager: Mounting plugin OculusVR
LogPluginManager: Mounting plugin OnlineSubsystemGooglePlay
LogPluginManager: Mounting plugin OnlineSubsystemIOS
LogPluginManager: Mounting plugin SteamVR
PixWinPlugin: PIX capture plugin failed to initialize! Check that the process is launched from PIX.
LogInit: Using libcurl 7.55.1-DEV
LogInit:  - built for x86_64-pc-win32
LogInit:  - supports SSL with OpenSSL/1.1.1
LogInit:  - supports HTTP deflate (compression) using libz 1.2.8
LogInit:  - other features:
LogInit:      CURL_VERSION_SSL
LogInit:      CURL_VERSION_LIBZ
LogInit:      CURL_VERSION_IPV6
LogInit:      CURL_VERSION_ASYNCHDNS
LogInit:      CURL_VERSION_LARGEFILE
LogInit:      CURL_VERSION_IDN
LogInit:  CurlRequestOptions (configurable via config and command line):
LogInit:  - bVerifyPeer = true  - Libcurl will verify peer certificate
LogInit:  - bUseHttpProxy = false  - Libcurl will NOT use HTTP proxy
LogInit:  - bDontReuseConnections = false  - Libcurl will reuse connections
LogInit:  - MaxHostConnections = 16  - Libcurl will limit the number of connections to a host
LogInit:  - LocalHostAddr = Default
LogInit:  - BufferSize = 65536
LogOnline: OSS: Creating online subsystem instance for: NULL
LogInit: WinSock: version 1.1 (2.2), MaxSocks=32767, MaxUdp=65467
LogOnline: OSS: TryLoadSubsystemAndSetDefault: Loaded subsystem for module [NULL]
LogOculusPluginWrapper: OculusPlugin initialized successfully
LogHMD: Failed initializing OVRPlugin 1.59.0
LogInit: Build: ++UE4+Release-4.27-CL-17735300
LogInit: Engine Version: 4.27.1-17735300+++UE4+Release-4.27
LogInit: Compatible Engine Version: 4.27.0-17155196+++UE4+Release-4.27
LogInit: Net CL: 17155196
LogInit: OS: Windows 10 (Release 2004) (), CPU: Intel(R) Core(TM) i7-10750H CPU @ 2.60GHz, GPU: NVIDIA GeForce RTX 2070
LogInit: Compiled (64-bit): Oct  6 2021 14:42:51
LogInit: Compiled with Visual C++: 19.24.28315.00
LogInit: Build Configuration: Development
LogInit: Branch Name: ++UE4+Release-4.27
LogInit: Command Line:  /Game/FirstPersonBP/Maps/FirstPersonExampleMap -game -PIEVIACONSOLE -Multiprocess "GameUserSettingsINI=E:/Documents/Unreal Projects/Fps3/Saved/Config/Windows/PIEGameUserSettings0.ini" -MultiprocessSaveConfig -forcepassthrough -messaging -SessionName="Play in Standalone Game" -windowed -ResX=1280 -ResY=720
LogInit: Base Directory: E:/Epic Games/UE_4.27/Engine/Binaries/Win64/
LogInit: Allocator: TBB
LogInit: Installed Engine Build: 1
LogDevObjectVersion: Number of dev versions registered: 29
LogDevObjectVersion:   Dev-Blueprints (B0D832E4-1F89-4F0D-ACCF-7EB736FD4AA2): 10
LogDevObjectVersion:   Dev-Build (E1C64328-A22C-4D53-A36C-8E866417BD8C): 0
LogDevObjectVersion:   Dev-Core (375EC13C-06E4-48FB-B500-84F0262A717E): 4
LogDevObjectVersion:   Dev-Editor (E4B068ED-F494-42E9-A231-DA0B2E46BB41): 40
LogDevObjectVersion:   Dev-Framework (CFFC743F-43B0-4480-9391-14DF171D2073): 37
LogDevObjectVersion:   Dev-Mobile (B02B49B5-BB20-44E9-A304-32B752E40360): 3
LogDevObjectVersion:   Dev-Networking (A4E4105C-59A1-49B5-A7C5-40C4547EDFEE): 0
LogDevObjectVersion:   Dev-Online (39C831C9-5AE6-47DC-9A44-9C173E1C8E7C): 0
LogDevObjectVersion:   Dev-Physics (78F01B33-EBEA-4F98-B9B4-84EACCB95AA2): 14
LogDevObjectVersion:   Dev-Platform (6631380F-2D4D-43E0-8009-CF276956A95A): 0
LogDevObjectVersion:   Dev-Rendering (12F88B9F-8875-4AFC-A67C-D90C383ABD29): 45
LogDevObjectVersion:   Dev-Sequencer (7B5AE74C-D270-4C10-A958-57980B212A5A): 13
LogDevObjectVersion:   Dev-VR (D7296918-1DD6-4BDD-9DE2-64A83CC13884): 3
LogDevObjectVersion:   Dev-LoadTimes (C2A15278-BFE7-4AFE-6C17-90FF531DF755): 1
LogDevObjectVersion:   Private-Geometry (6EACA3D4-40EC-4CC1-B786-8BED09428FC5): 3
LogDevObjectVersion:   Dev-AnimPhys (29E575DD-E0A3-4627-9D10-D276232CDCEA): 17
LogDevObjectVersion:   Dev-Anim (AF43A65D-7FD3-4947-9873-3E8ED9C1BB05): 15
LogDevObjectVersion:   Dev-ReflectionCapture (6B266CEC-1EC7-4B8F-A30B-E4D90942FC07): 1
LogDevObjectVersion:   Dev-Automation (0DF73D61-A23F-47EA-B727-89E90C41499A): 1
LogDevObjectVersion:   FortniteMain (601D1886-AC64-4F84-AA16-D3DE0DEAC7D6): 47
LogDevObjectVersion:   FortniteRelease (E7086368-6B23-4C58-8439-1B7016265E91): 1
LogDevObjectVersion:   Dev-Enterprise (9DFFBCD6-494F-0158-E221-12823C92A888): 10
LogDevObjectVersion:   Dev-Niagara (F2AED0AC-9AFE-416F-8664-AA7FFA26D6FC): 1
LogDevObjectVersion:   Dev-Destruction (174F1F0B-B4C6-45A5-B13F-2EE8D0FB917D): 10
LogDevObjectVersion:   Dev-Physics-Ext (35F94A83-E258-406C-A318-09F59610247C): 41
LogDevObjectVersion:   Dev-PhysicsMaterial-Chaos (B68FC16E-8B1B-42E2-B453-215C058844FE): 1
LogDevObjectVersion:   Dev-CineCamera (B2E18506-4273-CFC2-A54E-F4BB758BBA07): 1
LogDevObjectVersion:   Dev-VirtualProduction (64F58936-FD1B-42BA-BA96-7289D5D0FA4E): 1
LogDevObjectVersion:   Dev-MediaFramework (6F0ED827-A609-4895-9C91-998D90180EA4): 2
LogInit: Presizing for max 25165824 objects, including 0 objects not considered by GC, pre-allocating 0 bytes for permanent pool.
LogConfig: Applying CVar settings from Section [/Script/Engine.StreamingSettings] File [E:/Documents/Unreal Projects/Fps3/Saved/Config/Windows/Engine.ini]
LogConfig: Setting CVar [[s.MinBulkDataSizeForAsyncLoading:131072]]
LogConfig: Setting CVar [[s.AsyncLoadingThreadEnabled:0]]
LogConfig: Setting CVar [[s.EventDrivenLoaderEnabled:1]]
LogConfig: Setting CVar [[s.WarnIfTimeLimitExceeded:0]]
LogConfig: Setting CVar [[s.TimeLimitExceededMultiplier:1.5]]
LogConfig: Setting CVar [[s.TimeLimitExceededMinTime:0.005]]
LogConfig: Setting CVar [[s.UseBackgroundLevelStreaming:1]]
LogConfig: Setting CVar [[s.PriorityAsyncLoadingExtraTime:15.0]]
LogConfig: Setting CVar [[s.LevelStreamingActorsUpdateTimeLimit:5.0]]
LogConfig: Setting CVar [[s.PriorityLevelStreamingActorsUpdateExtraTime:5.0]]
LogConfig: Setting CVar [[s.LevelStreamingComponentsRegistrationGranularity:10]]
LogConfig: Setting CVar [[s.UnregisterComponentsTimeLimit:1.0]]
LogConfig: Setting CVar [[s.LevelStreamingComponentsUnregistrationGranularity:5]]
LogConfig: Setting CVar [[s.FlushStreamingOnExit:1]]
LogInit: Object subsystem initialized
LogConfig: Setting CVar [[con.DebugEarlyDefault:1]]
LogConfig: Setting CVar [[r.setres:1280x720]]
[2021.11.04-08.18.48:270][  0]LogConfig: Setting CVar [[con.DebugEarlyDefault:1]]
[2021.11.04-08.18.48:270][  0]LogConfig: Setting CVar [[r.setres:1280x720]]
[2021.11.04-08.18.48:270][  0]LogConfig: Applying CVar settings from Section [/Script/Engine.RendererSettings] File [E:/Documents/Unreal Projects/Fps3/Saved/Config/Windows/Engine.ini]
[2021.11.04-08.18.48:270][  0]LogConfig: Setting CVar [[r.GPUCrashDebugging:0]]
[2021.11.04-08.18.48:270][  0]LogConfig: Setting CVar [[r.Mobile.DisableVertexFog:1]]
[2021.11.04-08.18.48:270][  0]LogConfig: Setting CVar [[r.Shadow.CSM.MaxMobileCascades:2]]
[2021.11.04-08.18.48:270][  0]LogConfig: Setting CVar [[r.MobileMSAA:1]]
[2021.11.04-08.18.48:270][  0]LogConfig: Setting CVar [[r.Mobile.AllowDitheredLODTransition:0]]
[2021.11.04-08.18.48:270][  0]LogConfig: Setting CVar [[r.Mobile.AllowSoftwareOcclusion:0]]
[2021.11.04-08.18.48:270][  0]LogConfig: Setting CVar [[r.Mobile.VirtualTextures:0]]
[2021.11.04-08.18.48:270][  0]LogConfig: Setting CVar [[r.DiscardUnusedQuality:0]]
[2021.11.04-08.18.48:270][  0]LogConfig: Setting CVar [[r.AllowOcclusionQueries:1]]
[2021.11.04-08.18.48:271][  0]LogConfig: Setting CVar [[r.MinScreenRadiusForLights:0.030000]]
[2021.11.04-08.18.48:271][  0]LogConfig: Setting CVar [[r.MinScreenRadiusForDepthPrepass:0.030000]]
[2021.11.04-08.18.48:271][  0]LogConfig: Setting CVar [[r.MinScreenRadiusForCSMDepth:0.010000]]
[2021.11.04-08.18.48:271][  0]LogConfig: Setting CVar [[r.PrecomputedVisibilityWarning:0]]
[2021.11.04-08.18.48:271][  0]LogConfig: Setting CVar [[r.TextureStreaming:1]]
[2021.11.04-08.18.48:271][  0]LogConfig: Setting CVar [[Compat.UseDXT5NormalMaps:0]]
[2021.11.04-08.18.48:271][  0]LogConfig: Setting CVar [[r.VirtualTextures:0]]
[2021.11.04-08.18.48:271][  0]LogConfig: Setting CVar [[r.VT.EnableAutoImport:1]]
[2021.11.04-08.18.48:271][  0]LogConfig: Setting CVar [[r.VirtualTexturedLightmaps:0]]
[2021.11.04-08.18.48:271][  0]LogConfig: Setting CVar [[r.VT.TileSize:128]]
[2021.11.04-08.18.48:271][  0]LogConfig: Setting CVar [[r.VT.TileBorderSize:4]]
[2021.11.04-08.18.48:271][  0]LogConfig: Setting CVar [[r.vt.FeedbackFactor:16]]
[2021.11.04-08.18.48:271][  0]LogConfig: Setting CVar [[r.VT.EnableCompressZlib:1]]
[2021.11.04-08.18.48:271][  0]LogConfig: Setting CVar [[r.VT.EnableCompressCrunch:0]]
[2021.11.04-08.18.48:271][  0]LogConfig: Setting CVar [[r.ClearCoatNormal:0]]
[2021.11.04-08.18.48:271][  0]LogConfig: Setting CVar [[r.ReflectionCaptureResolution:128]]
[2021.11.04-08.18.48:271][  0]LogConfig: Setting CVar [[r.Mobile.ReflectionCaptureCompression:0]]
[2021.11.04-08.18.48:271][  0]LogConfig: Setting CVar [[r.ReflectionEnvironmentLightmapMixBasedOnRoughness:1]]
[2021.11.04-08.18.48:271][  0]LogConfig: Setting CVar [[r.ForwardShading:0]]
[2021.11.04-08.18.48:271][  0]LogConfig: Setting CVar [[r.VertexFoggingForOpaque:1]]
[2021.11.04-08.18.48:271][  0]LogConfig: Setting CVar [[r.AllowStaticLighting:1]]
[2021.11.04-08.18.48:271][  0]LogConfig: Setting CVar [[r.NormalMapsForStaticLighting:0]]
[2021.11.04-08.18.48:271][  0]LogConfig: Setting CVar [[r.GenerateMeshDistanceFields:0]]
[2021.11.04-08.18.48:271][  0]LogConfig: Setting CVar [[r.DistanceFieldBuild.EightBit:0]]
[2021.11.04-08.18.48:271][  0]LogConfig: Setting CVar [[r.GenerateLandscapeGIData:0]]
[2021.11.04-08.18.48:271][  0]LogConfig: Setting CVar [[r.DistanceFieldBuild.Compress:0]]
[2021.11.04-08.18.48:271][  0]LogConfig: Setting CVar [[r.TessellationAdaptivePixelsPerTriangle:48.000000]]
[2021.11.04-08.18.48:271][  0]LogConfig: Setting CVar [[r.SeparateTranslucency:0]]
[2021.11.04-08.18.48:271][  0]LogConfig: Setting CVar [[r.TranslucentSortPolicy:0]]
[2021.11.04-08.18.48:271][  0]LogConfig: Setting CVar [[vr.VRS.HMDFixedFoveationLevel:0]]
[2021.11.04-08.18.48:271][  0]LogConfig: Setting CVar [[r.CustomDepth:1]]
[2021.11.04-08.18.48:271][  0]LogConfig: Setting CVar [[r.CustomDepthTemporalAAJitter:1]]
[2021.11.04-08.18.48:271][  0]LogConfig: Setting CVar [[r.PostProcessing.PropagateAlpha:0]]
[2021.11.04-08.18.48:271][  0]LogConfig: Setting CVar [[r.DefaultFeature.Bloom:1]]
[2021.11.04-08.18.48:271][  0]LogConfig: Setting CVar [[r.DefaultFeature.AmbientOcclusion:0]]
[2021.11.04-08.18.48:271][  0]LogConfig: Setting CVar [[r.DefaultFeature.AmbientOcclusionStaticFraction:1]]
[2021.11.04-08.18.48:271][  0]LogConfig: Setting CVar [[r.DefaultFeature.AutoExposure:0]]
[2021.11.04-08.18.48:271][  0]LogConfig: Setting CVar [[r.DefaultFeature.AutoExposure.Method:0]]
[2021.11.04-08.18.48:271][  0]LogConfig: Setting CVar [[r.DefaultFeature.AutoExposure.Bias:1.000000]]
[2021.11.04-08.18.48:271][  0]LogConfig: Setting CVar [[r.DefaultFeature.AutoExposure.ExtendDefaultLuminanceRange:0]]
[2021.11.04-08.18.48:271][  0]LogConfig: Setting CVar [[r.UsePreExposure:1]]
[2021.11.04-08.18.48:271][  0]LogConfig: Setting CVar [[r.EyeAdaptation.EditorOnly:0]]
[2021.11.04-08.18.48:271][  0]LogConfig: Setting CVar [[r.DefaultFeature.MotionBlur:0]]
[2021.11.04-08.18.48:271][  0]LogConfig: Setting CVar [[r.DefaultFeature.LensFlare:0]]
[2021.11.04-08.18.48:271][  0]LogConfig: Setting CVar [[r.TemporalAA.Upsampling:0]]
[2021.11.04-08.18.48:271][  0]LogConfig: Setting CVar [[r.SSGI.Enable:0]]
[2021.11.04-08.18.48:271][  0]LogConfig: Setting CVar [[r.DefaultFeature.AntiAliasing:0]]
[2021.11.04-08.18.48:271][  0]LogConfig: Setting CVar [[r.DefaultFeature.LightUnits:1]]
[2021.11.04-08.18.48:271][  0]LogConfig: Setting CVar [[r.DefaultBackBufferPixelFormat:4]]
[2021.11.04-08.18.48:271][  0]LogConfig: Setting CVar [[r.Shadow.UnbuiltPreviewInGame:1]]
[2021.11.04-08.18.48:271][  0]LogConfig: Setting CVar [[r.StencilForLODDither:0]]
[2021.11.04-08.18.48:271][  0]LogConfig: Setting CVar [[r.EarlyZPass:3]]
[2021.11.04-08.18.48:271][  0]LogConfig: Setting CVar [[r.EarlyZPassOnlyMaterialMasking:0]]
[2021.11.04-08.18.48:271][  0]LogConfig: Setting CVar [[r.DBuffer:1]]
[2021.11.04-08.18.48:271][  0]LogConfig: Setting CVar [[r.ClearSceneMethod:1]]
[2021.11.04-08.18.48:271][  0]LogConfig: Setting CVar [[r.BasePassOutputsVelocity:0]]
[2021.11.04-08.18.48:271][  0]LogConfig: Setting CVar [[r.VertexDeformationOutputsVelocity:0]]
[2021.11.04-08.18.48:271][  0]LogConfig: Setting CVar [[r.SelectiveBasePassOutputs:0]]
[2021.11.04-08.18.48:271][  0]LogConfig: Setting CVar [[fx.GPUSimulationTextureSizeX:1024]]
[2021.11.04-08.18.48:271][  0]LogConfig: Setting CVar [[fx.GPUSimulationTextureSizeY:1024]]
[2021.11.04-08.18.48:271][  0]LogConfig: Setting CVar [[r.AllowGlobalClipPlane:0]]
[2021.11.04-08.18.48:271][  0]LogConfig: Setting CVar [[r.GBufferFormat:1]]
[2021.11.04-08.18.48:271][  0]LogConfig: Setting CVar [[r.MorphTarget.Mode:1]]
[2021.11.04-08.18.48:271][  0]LogConfig: Setting CVar [[vr.InstancedStereo:0]]
[2021.11.04-08.18.48:271][  0]LogConfig: Setting CVar [[r.MobileHDR:1]]
[2021.11.04-08.18.48:271][  0]LogConfig: Setting CVar [[vr.MobileMultiView:0]]
[2021.11.04-08.18.48:271][  0]LogConfig: Setting CVar [[r.Mobile.UseHWsRGBEncoding:0]]
[2021.11.04-08.18.48:271][  0]LogConfig: Setting CVar [[vr.RoundRobinOcclusion:0]]
[2021.11.04-08.18.48:271][  0]LogConfig: Setting CVar [[vr.ODSCapture:0]]
[2021.11.04-08.18.48:271][  0]LogConfig: Setting CVar [[r.MeshStreaming:0]]
[2021.11.04-08.18.48:271][  0]LogConfig: Setting CVar [[r.WireframeCullThreshold:5.000000]]
[2021.11.04-08.18.48:271][  0]LogConfig: Setting CVar [[r.RayTracing:0]]
[2021.11.04-08.18.48:271][  0]LogConfig: Setting CVar [[r.RayTracing.UseTextureLod:0]]
[2021.11.04-08.18.48:271][  0]LogConfig: Setting CVar [[r.SupportStationarySkylight:1]]
[2021.11.04-08.18.48:271][  0]LogConfig: Setting CVar [[r.SupportLowQualityLightmaps:1]]
[2021.11.04-08.18.48:271][  0]LogConfig: Setting CVar [[r.SupportPointLightWholeSceneShadows:1]]
[2021.11.04-08.18.48:271][  0]LogConfig: Setting CVar [[r.SupportAtmosphericFog:1]]
[2021.11.04-08.18.48:271][  0]LogConfig: Setting CVar [[r.SupportSkyAtmosphere:1]]
[2021.11.04-08.18.48:271][  0]LogConfig: Setting CVar [[r.SupportSkyAtmosphereAffectsHeightFog:0]]
[2021.11.04-08.18.48:271][  0]LogConfig: Setting CVar [[r.SkinCache.CompileShaders:0]]
[2021.11.04-08.18.48:271][  0]LogConfig: Setting CVar [[r.SkinCache.DefaultBehavior:1]]
[2021.11.04-08.18.48:271][  0]LogConfig: Setting CVar [[r.SkinCache.SceneMemoryLimitInMB:128.000000]]
[2021.11.04-08.18.48:271][  0]LogConfig: Setting CVar [[r.Mobile.EnableStaticAndCSMShadowReceivers:1]]
[2021.11.04-08.18.48:271][  0]LogConfig: Setting CVar [[r.Mobile.EnableMovableLightCSMShaderCulling:1]]
[2021.11.04-08.18.48:271][  0]LogConfig: Setting CVar [[r.Mobile.AllowDistanceFieldShadows:1]]
[2021.11.04-08.18.48:271][  0]LogConfig: Setting CVar [[r.Mobile.AllowMovableDirectionalLights:1]]
[2021.11.04-08.18.48:271][  0]LogConfig: Setting CVar [[r.MobileNumDynamicPointLights:4]]
[2021.11.04-08.18.48:271][  0]LogConfig: Setting CVar [[r.MobileDynamicPointLightsUseStaticBranch:1]]
[2021.11.04-08.18.48:271][  0]LogConfig: Setting CVar [[r.Mobile.EnableMovableSpotlights:0]]
[2021.11.04-08.18.48:271][  0]LogConfig: Setting CVar [[r.Mobile.EnableMovableSpotlightsShadow:0]]
[2021.11.04-08.18.48:271][  0]LogConfig: Setting CVar [[r.GPUSkin.Support16BitBoneIndex:0]]
[2021.11.04-08.18.48:271][  0]LogConfig: Setting CVar [[r.GPUSkin.Limit2BoneInfluences:0]]
[2021.11.04-08.18.48:271][  0]LogConfig: Setting CVar [[r.SupportDepthOnlyIndexBuffers:1]]
[2021.11.04-08.18.48:271][  0]LogConfig: Setting CVar [[r.SupportReversedIndexBuffers:1]]
[2021.11.04-08.18.48:271][  0]LogConfig: Setting CVar [[r.LightPropagationVolume:0]]
[2021.11.04-08.18.48:271][  0]LogConfig: Setting CVar [[r.Mobile.AmbientOcclusion:0]]
[2021.11.04-08.18.48:271][  0]LogConfig: Setting CVar [[r.GPUSkin.UnlimitedBoneInfluences:0]]
[2021.11.04-08.18.48:271][  0]LogConfig: Setting CVar [[r.GPUSkin.UnlimitedBoneInfluencesThreshold:8]]
[2021.11.04-08.18.48:271][  0]LogConfig: Setting CVar [[r.Mobile.PlanarReflectionMode:0]]
[2021.11.04-08.18.48:272][  0]LogConfig: Setting CVar [[r.Mobile.SupportsGen4TAA:0]]
[2021.11.04-08.18.48:272][  0]LogConfig: Applying CVar settings from Section [/Script/Engine.RendererOverrideSettings] File [E:/Documents/Unreal Projects/Fps3/Saved/Config/Windows/Engine.ini]
[2021.11.04-08.18.48:272][  0]LogConfig: Applying CVar settings from Section [/Script/Engine.StreamingSettings] File [E:/Documents/Unreal Projects/Fps3/Saved/Config/Windows/Engine.ini]
[2021.11.04-08.18.48:272][  0]LogConfig: Setting CVar [[s.MinBulkDataSizeForAsyncLoading:131072]]
[2021.11.04-08.18.48:272][  0]LogConfig: Setting CVar [[s.AsyncLoadingThreadEnabled:0]]
[2021.11.04-08.18.48:272][  0]LogConfig: Setting CVar [[s.EventDrivenLoaderEnabled:1]]
[2021.11.04-08.18.48:272][  0]LogConfig: Setting CVar [[s.WarnIfTimeLimitExceeded:0]]
[2021.11.04-08.18.48:272][  0]LogConfig: Setting CVar [[s.TimeLimitExceededMultiplier:1.5]]
[2021.11.04-08.18.48:272][  0]LogConfig: Setting CVar [[s.TimeLimitExceededMinTime:0.005]]
[2021.11.04-08.18.48:272][  0]LogConfig: Setting CVar [[s.UseBackgroundLevelStreaming:1]]
[2021.11.04-08.18.48:272][  0]LogConfig: Setting CVar [[s.PriorityAsyncLoadingExtraTime:15.0]]
[2021.11.04-08.18.48:272][  0]LogConfig: Setting CVar [[s.LevelStreamingActorsUpdateTimeLimit:5.0]]
[2021.11.04-08.18.48:272][  0]LogConfig: Setting CVar [[s.PriorityLevelStreamingActorsUpdateExtraTime:5.0]]
[2021.11.04-08.18.48:272][  0]LogConfig: Setting CVar [[s.LevelStreamingComponentsRegistrationGranularity:10]]
[2021.11.04-08.18.48:272][  0]LogConfig: Setting CVar [[s.UnregisterComponentsTimeLimit:1.0]]
[2021.11.04-08.18.48:272][  0]LogConfig: Setting CVar [[s.LevelStreamingComponentsUnregistrationGranularity:5]]
[2021.11.04-08.18.48:272][  0]LogConfig: Setting CVar [[s.FlushStreamingOnExit:1]]
[2021.11.04-08.18.48:272][  0]LogConfig: Applying CVar settings from Section [/Script/Engine.GarbageCollectionSettings] File [E:/Documents/Unreal Projects/Fps3/Saved/Config/Windows/Engine.ini]
[2021.11.04-08.18.48:272][  0]LogConfig: Setting CVar [[gc.MaxObjectsNotConsideredByGC:1]]
[2021.11.04-08.18.48:272][  0]LogConfig: Setting CVar [[gc.SizeOfPermanentObjectPool:0]]
[2021.11.04-08.18.48:272][  0]LogConfig: Setting CVar [[gc.FlushStreamingOnGC:0]]
[2021.11.04-08.18.48:272][  0]LogConfig: Setting CVar [[gc.NumRetriesBeforeForcingGC:10]]
[2021.11.04-08.18.48:272][  0]LogConfig: Setting CVar [[gc.AllowParallelGC:1]]
[2021.11.04-08.18.48:272][  0]LogConfig: Setting CVar [[gc.TimeBetweenPurgingPendingKillObjects:61.1]]
[2021.11.04-08.18.48:272][  0]LogConfig: Setting CVar [[gc.MaxObjectsInEditor:25165824]]
[2021.11.04-08.18.48:272][  0]LogConfig: Setting CVar [[gc.IncrementalBeginDestroyEnabled:1]]
[2021.11.04-08.18.48:272][  0]LogConfig: Setting CVar [[gc.CreateGCClusters:1]]
[2021.11.04-08.18.48:272][  0]LogConfig: Setting CVar [[gc.MinGCClusterSize:5]]
[2021.11.04-08.18.48:272][  0]LogConfig: Setting CVar [[gc.ActorClusteringEnabled:0]]
[2021.11.04-08.18.48:272][  0]LogConfig: Setting CVar [[gc.BlueprintClusteringEnabled:0]]
[2021.11.04-08.18.48:272][  0]LogConfig: Setting CVar [[gc.UseDisregardForGCOnDedicatedServers:0]]
[2021.11.04-08.18.48:272][  0]LogConfig: Setting CVar [[gc.MultithreadedDestructionEnabled:1]]
[2021.11.04-08.18.48:272][  0]LogConfig: Applying CVar settings from Section [/Script/Engine.NetworkSettings] File [E:/Documents/Unreal Projects/Fps3/Saved/Config/Windows/Engine.ini]
[2021.11.04-08.18.48:272][  0]LogConfig: Applying CVar settings from Section [/Script/UnrealEd.CookerSettings] File [E:/Documents/Unreal Projects/Fps3/Saved/Config/Windows/Engine.ini]
[2021.11.04-08.18.48:277][  0]LogConfig: Applying CVar settings from Section [ViewDistanceQuality@3] File [E:/Documents/Unreal Projects/Fps3/Saved/Config/Windows/Scalability.ini]
[2021.11.04-08.18.48:277][  0]LogConfig: Setting CVar [[r.SkeletalMeshLODBias:0]]
[2021.11.04-08.18.48:277][  0]LogConfig: Setting CVar [[r.ViewDistanceScale:1.0]]
[2021.11.04-08.18.48:277][  0]LogConfig: Applying CVar settings from Section [AntiAliasingQuality@3] File [E:/Documents/Unreal Projects/Fps3/Saved/Config/Windows/Scalability.ini]
[2021.11.04-08.18.48:277][  0]LogConfig: Setting CVar [[r.PostProcessAAQuality:4]]
[2021.11.04-08.18.48:277][  0]LogConfig: Applying CVar settings from Section [ShadowQuality@3] File [E:/Documents/Unreal Projects/Fps3/Saved/Config/Windows/Scalability.ini]
[2021.11.04-08.18.48:277][  0]LogConfig: Setting CVar [[r.LightFunctionQuality:1]]
[2021.11.04-08.18.48:277][  0]LogConfig: Setting CVar [[r.ShadowQuality:5]]
[2021.11.04-08.18.48:277][  0]LogConfig: Setting CVar [[r.Shadow.CSM.MaxCascades:10]]
[2021.11.04-08.18.48:277][  0]LogConfig: Setting CVar [[r.Shadow.MaxResolution:2048]]
[2021.11.04-08.18.48:277][  0]LogConfig: Setting CVar [[r.Shadow.MaxCSMResolution:2048]]
[2021.11.04-08.18.48:277][  0]LogConfig: Setting CVar [[r.Shadow.RadiusThreshold:0.01]]
[2021.11.04-08.18.48:277][  0]LogConfig: Setting CVar [[r.Shadow.DistanceScale:1.0]]
[2021.11.04-08.18.48:277][  0]LogConfig: Setting CVar [[r.Shadow.CSM.TransitionScale:1.0]]
[2021.11.04-08.18.48:277][  0]LogConfig: Setting CVar [[r.Shadow.PreShadowResolutionFactor:1.0]]
[2021.11.04-08.18.48:277][  0]LogConfig: Setting CVar [[r.DistanceFieldShadowing:1]]
[2021.11.04-08.18.48:277][  0]LogConfig: Setting CVar [[r.DistanceFieldAO:1]]
[2021.11.04-08.18.48:277][  0]LogConfig: Setting CVar [[r.AOQuality:2]]
[2021.11.04-08.18.48:277][  0]LogConfig: Setting CVar [[r.VolumetricFog:1]]
[2021.11.04-08.18.48:277][  0]LogConfig: Setting CVar [[r.VolumetricFog.GridPixelSize:8]]
[2021.11.04-08.18.48:277][  0]LogConfig: Setting CVar [[r.VolumetricFog.GridSizeZ:128]]
[2021.11.04-08.18.48:277][  0]LogConfig: Setting CVar [[r.VolumetricFog.HistoryMissSupersampleCount:4]]
[2021.11.04-08.18.48:277][  0]LogConfig: Setting CVar [[r.LightMaxDrawDistanceScale:1]]
[2021.11.04-08.18.48:277][  0]LogConfig: Setting CVar [[r.CapsuleShadows:1]]
[2021.11.04-08.18.48:277][  0]LogConfig: Applying CVar settings from Section [PostProcessQuality@3] File [E:/Documents/Unreal Projects/Fps3/Saved/Config/Windows/Scalability.ini]
[2021.11.04-08.18.48:277][  0]LogConfig: Setting CVar [[r.MotionBlurQuality:4]]
[2021.11.04-08.18.48:277][  0]LogConfig: Setting CVar [[r.AmbientOcclusionMipLevelFactor:0.4]]
[2021.11.04-08.18.48:277][  0]LogConfig: Setting CVar [[r.AmbientOcclusionMaxQuality:100]]
[2021.11.04-08.18.48:277][  0]LogConfig: Setting CVar [[r.AmbientOcclusionLevels:-1]]
[2021.11.04-08.18.48:277][  0]LogConfig: Setting CVar [[r.AmbientOcclusionRadiusScale:1.0]]
[2021.11.04-08.18.48:277][  0]LogConfig: Setting CVar [[r.DepthOfFieldQuality:2]]
[2021.11.04-08.18.48:277][  0]LogConfig: Setting CVar [[r.RenderTargetPoolMin:400]]
[2021.11.04-08.18.48:277][  0]LogConfig: Setting CVar [[r.LensFlareQuality:2]]
[2021.11.04-08.18.48:277][  0]LogConfig: Setting CVar [[r.SceneColorFringeQuality:1]]
[2021.11.04-08.18.48:277][  0]LogConfig: Setting CVar [[r.EyeAdaptationQuality:2]]
[2021.11.04-08.18.48:277][  0]LogConfig: Setting CVar [[r.BloomQuality:5]]
[2021.11.04-08.18.48:277][  0]LogConfig: Setting CVar [[r.FastBlurThreshold:100]]
[2021.11.04-08.18.48:277][  0]LogConfig: Setting CVar [[r.Upscale.Quality:3]]
[2021.11.04-08.18.48:277][  0]LogConfig: Setting CVar [[r.Tonemapper.GrainQuantization:1]]
[2021.11.04-08.18.48:277][  0]LogConfig: Setting CVar [[r.LightShaftQuality:1]]
[2021.11.04-08.18.48:277][  0]LogConfig: Setting CVar [[r.Filter.SizeScale:1]]
[2021.11.04-08.18.48:277][  0]LogConfig: Setting CVar [[r.Tonemapper.Quality:5]]
[2021.11.04-08.18.48:277][  0]LogConfig: Setting CVar [[r.DOF.Gather.AccumulatorQuality:1        ; higher gathering accumulator quality]]
[2021.11.04-08.18.48:278][  0]LogConfig: Setting CVar [[r.DOF.Gather.PostfilterMethod:1          ; Median3x3 postfilering method]]
[2021.11.04-08.18.48:278][  0]LogConfig: Setting CVar [[r.DOF.Gather.EnableBokehSettings:0       ; no bokeh simulation when gathering]]
[2021.11.04-08.18.48:278][  0]LogConfig: Setting CVar [[r.DOF.Gather.RingCount:4                 ; medium number of samples when gathering]]
[2021.11.04-08.18.48:278][  0]LogConfig: Setting CVar [[r.DOF.Scatter.ForegroundCompositing:1    ; additive foreground scattering]]
[2021.11.04-08.18.48:278][  0]LogConfig: Setting CVar [[r.DOF.Scatter.BackgroundCompositing:2    ; additive background scattering]]
[2021.11.04-08.18.48:278][  0]LogConfig: Setting CVar [[r.DOF.Scatter.EnableBokehSettings:1      ; bokeh simulation when scattering]]
[2021.11.04-08.18.48:278][  0]LogConfig: Setting CVar [[r.DOF.Scatter.MaxSpriteRatio:0.1         ; only a maximum of 10% of scattered bokeh]]
[2021.11.04-08.18.48:278][  0]LogConfig: Setting CVar [[r.DOF.Recombine.Quality:1                ; cheap slight out of focus]]
[2021.11.04-08.18.48:278][  0]LogConfig: Setting CVar [[r.DOF.Recombine.EnableBokehSettings:0    ; no bokeh simulation on slight out of focus]]
[2021.11.04-08.18.48:278][  0]LogConfig: Setting CVar [[r.DOF.TemporalAAQuality:1                ; more stable temporal accumulation]]
[2021.11.04-08.18.48:278][  0]LogConfig: Setting CVar [[r.DOF.Kernel.MaxForegroundRadius:0.025]]
[2021.11.04-08.18.48:278][  0]LogConfig: Setting CVar [[r.DOF.Kernel.MaxBackgroundRadius:0.025]]
[2021.11.04-08.18.48:278][  0]LogConfig: Applying CVar settings from Section [TextureQuality@3] File [E:/Documents/Unreal Projects/Fps3/Saved/Config/Windows/Scalability.ini]
[2021.11.04-08.18.48:278][  0]LogConfig: Setting CVar [[r.Streaming.MipBias:0]]
[2021.11.04-08.18.48:278][  0]LogConfig: Setting CVar [[r.Streaming.AmortizeCPUToGPUCopy:0]]
[2021.11.04-08.18.48:278][  0]LogConfig: Setting CVar [[r.Streaming.MaxNumTexturesToStreamPerFrame:0]]
[2021.11.04-08.18.48:278][  0]LogConfig: Setting CVar [[r.Streaming.Boost:1]]
[2021.11.04-08.18.48:278][  0]LogConfig: Setting CVar [[r.MaxAnisotropy:8]]
[2021.11.04-08.18.48:278][  0]LogConfig: Setting CVar [[r.VT.MaxAnisotropy:8]]
[2021.11.04-08.18.48:278][  0]LogConfig: Setting CVar [[r.Streaming.LimitPoolSizeToVRAM:0]]
[2021.11.04-08.18.48:278][  0]LogConfig: Setting CVar [[r.Streaming.PoolSize:1000]]
[2021.11.04-08.18.48:278][  0]LogConfig: Setting CVar [[r.Streaming.MaxEffectiveScreenSize:0]]
[2021.11.04-08.18.48:278][  0]LogConfig: Applying CVar settings from Section [EffectsQuality@3] File [E:/Documents/Unreal Projects/Fps3/Saved/Config/Windows/Scalability.ini]
[2021.11.04-08.18.48:278][  0]LogConfig: Setting CVar [[r.TranslucencyLightingVolumeDim:64]]
[2021.11.04-08.18.48:278][  0]LogConfig: Setting CVar [[r.RefractionQuality:2]]
[2021.11.04-08.18.48:278][  0]LogConfig: Setting CVar [[r.SSR.Quality:3]]
[2021.11.04-08.18.48:278][  0]LogConfig: Setting CVar [[r.SSR.HalfResSceneColor:0]]
[2021.11.04-08.18.48:278][  0]LogConfig: Setting CVar [[r.SceneColorFormat:4]]
[2021.11.04-08.18.48:278][  0]LogConfig: Setting CVar [[r.DetailMode:2]]
[2021.11.04-08.18.48:278][  0]LogConfig: Setting CVar [[r.TranslucencyVolumeBlur:1]]
[2021.11.04-08.18.48:278][  0]LogConfig: Setting CVar [[r.MaterialQualityLevel:1 ; High quality]]
[2021.11.04-08.18.48:278][  0]LogConfig: Setting CVar [[r.AnisotropicMaterials:1]]
[2021.11.04-08.18.48:278][  0]LogConfig: Setting CVar [[r.SSS.Scale:1]]
[2021.11.04-08.18.48:278][  0]LogConfig: Setting CVar [[r.SSS.SampleSet:2]]
[2021.11.04-08.18.48:278][  0]LogConfig: Setting CVar [[r.SSS.Quality:1]]
[2021.11.04-08.18.48:278][  0]LogConfig: Setting CVar [[r.SSS.HalfRes:0]]
[2021.11.04-08.18.48:278][  0]LogConfig: Setting CVar [[r.SSGI.Quality:3]]
[2021.11.04-08.18.48:278][  0]LogConfig: Setting CVar [[r.EmitterSpawnRateScale:1.0]]
[2021.11.04-08.18.48:278][  0]LogConfig: Setting CVar [[r.ParticleLightQuality:2]]
[2021.11.04-08.18.48:278][  0]LogConfig: Setting CVar [[r.SkyAtmosphere.AerialPerspectiveLUT.FastApplyOnOpaque:1 ; Always have FastSkyLUT 1 in this case to avoid wrong sky]]
[2021.11.04-08.18.48:278][  0]LogConfig: Setting CVar [[r.SkyAtmosphere.AerialPerspectiveLUT.SampleCountMaxPerSlice:4]]
[2021.11.04-08.18.48:278][  0]LogConfig: Setting CVar [[r.SkyAtmosphere.AerialPerspectiveLUT.DepthResolution:16.0]]
[2021.11.04-08.18.48:278][  0]LogConfig: Setting CVar [[r.SkyAtmosphere.FastSkyLUT:1]]
[2021.11.04-08.18.48:278][  0]LogConfig: Setting CVar [[r.SkyAtmosphere.FastSkyLUT.SampleCountMin:4.0]]
[2021.11.04-08.18.48:278][  0]LogConfig: Setting CVar [[r.SkyAtmosphere.FastSkyLUT.SampleCountMax:128.0]]
[2021.11.04-08.18.48:278][  0]LogConfig: Setting CVar [[r.SkyAtmosphere.SampleCountMin:4.0]]
[2021.11.04-08.18.48:278][  0]LogConfig: Setting CVar [[r.SkyAtmosphere.SampleCountMax:128.0]]
[2021.11.04-08.18.48:278][  0]LogConfig: Setting CVar [[r.SkyAtmosphere.TransmittanceLUT.UseSmallFormat:0]]
[2021.11.04-08.18.48:278][  0]LogConfig: Setting CVar [[r.SkyAtmosphere.TransmittanceLUT.SampleCount:10.0]]
[2021.11.04-08.18.48:278][  0]LogConfig: Setting CVar [[r.SkyAtmosphere.MultiScatteringLUT.SampleCount:15.0]]
[2021.11.04-08.18.48:278][  0]LogConfig: Setting CVar [[r.SkyLight.RealTimeReflectionCapture:1]]
[2021.11.04-08.18.48:278][  0]LogConfig: Applying CVar settings from Section [FoliageQuality@3] File [E:/Documents/Unreal Projects/Fps3/Saved/Config/Windows/Scalability.ini]
[2021.11.04-08.18.48:278][  0]LogConfig: Setting CVar [[foliage.DensityScale:1.0]]
[2021.11.04-08.18.48:278][  0]LogConfig: Setting CVar [[grass.DensityScale:1.0]]
[2021.11.04-08.18.48:278][  0]LogConfig: Applying CVar settings from Section [ShadingQuality@3] File [E:/Documents/Unreal Projects/Fps3/Saved/Config/Windows/Scalability.ini]
[2021.11.04-08.18.48:278][  0]LogConfig: Setting CVar [[r.HairStrands.SkyLighting.IntegrationType:2]]
[2021.11.04-08.18.48:278][  0]LogConfig: Setting CVar [[r.HairStrands.SkyAO.SampleCount:4]]
[2021.11.04-08.18.48:278][  0]LogConfig: Setting CVar [[r.HairStrands.Visibility.MSAA.SamplePerPixel:4]]
[2021.11.04-08.18.48:278][  0]LogInit: Selected Device Profile: [Windows]
[2021.11.04-08.18.48:278][  0]LogInit: Applying CVar settings loaded from the selected device profile: [Windows]
[2021.11.04-08.18.48:278][  0]LogHAL: Display: Platform has ~ 16 GB [17010819072 / 17179869184 / 16], which maps to Larger [LargestMinGB=32, LargerMinGB=12, DefaultMinGB=8, SmallerMinGB=6, SmallestMinGB=0)
[2021.11.04-08.18.48:278][  0]LogInit: Going up to parent DeviceProfile []
[2021.11.04-08.18.48:278][  0]LogConfig: Applying CVar settings from Section [ViewDistanceQuality@3] File [E:/Documents/Unreal Projects/Fps3/Saved/Config/Windows/Scalability.ini]
[2021.11.04-08.18.48:278][  0]LogConfig: Setting CVar [[r.SkeletalMeshLODBias:0]]
[2021.11.04-08.18.48:278][  0]LogConfig: Setting CVar [[r.ViewDistanceScale:1.0]]
[2021.11.04-08.18.48:278][  0]LogConfig: Applying CVar settings from Section [AntiAliasingQuality@3] File [E:/Documents/Unreal Projects/Fps3/Saved/Config/Windows/Scalability.ini]
[2021.11.04-08.18.48:278][  0]LogConfig: Setting CVar [[r.PostProcessAAQuality:4]]
[2021.11.04-08.18.48:278][  0]LogConfig: Applying CVar settings from Section [ShadowQuality@3] File [E:/Documents/Unreal Projects/Fps3/Saved/Config/Windows/Scalability.ini]
[2021.11.04-08.18.48:278][  0]LogConfig: Setting CVar [[r.LightFunctionQuality:1]]
[2021.11.04-08.18.48:278][  0]LogConfig: Setting CVar [[r.ShadowQuality:5]]
[2021.11.04-08.18.48:278][  0]LogConfig: Setting CVar [[r.Shadow.CSM.MaxCascades:10]]
[2021.11.04-08.18.48:278][  0]LogConfig: Setting CVar [[r.Shadow.MaxResolution:2048]]
[2021.11.04-08.18.48:278][  0]LogConfig: Setting CVar [[r.Shadow.MaxCSMResolution:2048]]
[2021.11.04-08.18.48:278][  0]LogConfig: Setting CVar [[r.Shadow.RadiusThreshold:0.01]]
[2021.11.04-08.18.48:278][  0]LogConfig: Setting CVar [[r.Shadow.DistanceScale:1.0]]
[2021.11.04-08.18.48:278][  0]LogConfig: Setting CVar [[r.Shadow.CSM.TransitionScale:1.0]]
[2021.11.04-08.18.48:278][  0]LogConfig: Setting CVar [[r.Shadow.PreShadowResolutionFactor:1.0]]
[2021.11.04-08.18.48:278][  0]LogConfig: Setting CVar [[r.DistanceFieldShadowing:1]]
[2021.11.04-08.18.48:278][  0]LogConfig: Setting CVar [[r.DistanceFieldAO:1]]
[2021.11.04-08.18.48:278][  0]LogConfig: Setting CVar [[r.AOQuality:2]]
[2021.11.04-08.18.48:278][  0]LogConfig: Setting CVar [[r.VolumetricFog:1]]
[2021.11.04-08.18.48:278][  0]LogConfig: Setting CVar [[r.VolumetricFog.GridPixelSize:8]]
[2021.11.04-08.18.48:278][  0]LogConfig: Setting CVar [[r.VolumetricFog.GridSizeZ:128]]
[2021.11.04-08.18.48:278][  0]LogConfig: Setting CVar [[r.VolumetricFog.HistoryMissSupersampleCount:4]]
[2021.11.04-08.18.48:278][  0]LogConfig: Setting CVar [[r.LightMaxDrawDistanceScale:1]]
[2021.11.04-08.18.48:278][  0]LogConfig: Setting CVar [[r.CapsuleShadows:1]]
[2021.11.04-08.18.48:278][  0]LogConfig: Applying CVar settings from Section [PostProcessQuality@3] File [E:/Documents/Unreal Projects/Fps3/Saved/Config/Windows/Scalability.ini]
[2021.11.04-08.18.48:278][  0]LogConfig: Setting CVar [[r.MotionBlurQuality:4]]
[2021.11.04-08.18.48:278][  0]LogConfig: Setting CVar [[r.AmbientOcclusionMipLevelFactor:0.4]]
[2021.11.04-08.18.48:278][  0]LogConfig: Setting CVar [[r.AmbientOcclusionMaxQuality:100]]
[2021.11.04-08.18.48:278][  0]LogConfig: Setting CVar [[r.AmbientOcclusionLevels:-1]]
[2021.11.04-08.18.48:278][  0]LogConfig: Setting CVar [[r.AmbientOcclusionRadiusScale:1.0]]
[2021.11.04-08.18.48:278][  0]LogConfig: Setting CVar [[r.DepthOfFieldQuality:2]]
[2021.11.04-08.18.48:278][  0]LogConfig: Setting CVar [[r.RenderTargetPoolMin:400]]
[2021.11.04-08.18.48:278][  0]LogConfig: Setting CVar [[r.LensFlareQuality:2]]
[2021.11.04-08.18.48:278][  0]LogConfig: Setting CVar [[r.SceneColorFringeQuality:1]]
[2021.11.04-08.18.48:278][  0]LogConfig: Setting CVar [[r.EyeAdaptationQuality:2]]
[2021.11.04-08.18.48:278][  0]LogConfig: Setting CVar [[r.BloomQuality:5]]
[2021.11.04-08.18.48:278][  0]LogConfig: Setting CVar [[r.FastBlurThreshold:100]]
[2021.11.04-08.18.48:278][  0]LogConfig: Setting CVar [[r.Upscale.Quality:3]]
[2021.11.04-08.18.48:279][  0]LogConfig: Setting CVar [[r.Tonemapper.GrainQuantization:1]]
[2021.11.04-08.18.48:279][  0]LogConfig: Setting CVar [[r.LightShaftQuality:1]]
[2021.11.04-08.18.48:279][  0]LogConfig: Setting CVar [[r.Filter.SizeScale:1]]
[2021.11.04-08.18.48:279][  0]LogConfig: Setting CVar [[r.Tonemapper.Quality:5]]
[2021.11.04-08.18.48:279][  0]LogConfig: Setting CVar [[r.DOF.Gather.AccumulatorQuality:1        ; higher gathering accumulator quality]]
[2021.11.04-08.18.48:279][  0]LogConfig: Setting CVar [[r.DOF.Gather.PostfilterMethod:1          ; Median3x3 postfilering method]]
[2021.11.04-08.18.48:279][  0]LogConfig: Setting CVar [[r.DOF.Gather.EnableBokehSettings:0       ; no bokeh simulation when gathering]]
[2021.11.04-08.18.48:279][  0]LogConfig: Setting CVar [[r.DOF.Gather.RingCount:4                 ; medium number of samples when gathering]]
[2021.11.04-08.18.48:279][  0]LogConfig: Setting CVar [[r.DOF.Scatter.ForegroundCompositing:1    ; additive foreground scattering]]
[2021.11.04-08.18.48:279][  0]LogConfig: Setting CVar [[r.DOF.Scatter.BackgroundCompositing:2    ; additive background scattering]]
[2021.11.04-08.18.48:279][  0]LogConfig: Setting CVar [[r.DOF.Scatter.EnableBokehSettings:1      ; bokeh simulation when scattering]]
[2021.11.04-08.18.48:279][  0]LogConfig: Setting CVar [[r.DOF.Scatter.MaxSpriteRatio:0.1         ; only a maximum of 10% of scattered bokeh]]
[2021.11.04-08.18.48:279][  0]LogConfig: Setting CVar [[r.DOF.Recombine.Quality:1                ; cheap slight out of focus]]
[2021.11.04-08.18.48:279][  0]LogConfig: Setting CVar [[r.DOF.Recombine.EnableBokehSettings:0    ; no bokeh simulation on slight out of focus]]
[2021.11.04-08.18.48:279][  0]LogConfig: Setting CVar [[r.DOF.TemporalAAQuality:1                ; more stable temporal accumulation]]
[2021.11.04-08.18.48:279][  0]LogConfig: Setting CVar [[r.DOF.Kernel.MaxForegroundRadius:0.025]]
[2021.11.04-08.18.48:279][  0]LogConfig: Setting CVar [[r.DOF.Kernel.MaxBackgroundRadius:0.025]]
[2021.11.04-08.18.48:279][  0]LogConfig: Applying CVar settings from Section [TextureQuality@3] File [E:/Documents/Unreal Projects/Fps3/Saved/Config/Windows/Scalability.ini]
[2021.11.04-08.18.48:279][  0]LogConfig: Setting CVar [[r.Streaming.MipBias:0]]
[2021.11.04-08.18.48:279][  0]LogConfig: Setting CVar [[r.Streaming.AmortizeCPUToGPUCopy:0]]
[2021.11.04-08.18.48:279][  0]LogConfig: Setting CVar [[r.Streaming.MaxNumTexturesToStreamPerFrame:0]]
[2021.11.04-08.18.48:279][  0]LogConfig: Setting CVar [[r.Streaming.Boost:1]]
[2021.11.04-08.18.48:279][  0]LogConfig: Setting CVar [[r.MaxAnisotropy:8]]
[2021.11.04-08.18.48:279][  0]LogConfig: Setting CVar [[r.VT.MaxAnisotropy:8]]
[2021.11.04-08.18.48:279][  0]LogConfig: Setting CVar [[r.Streaming.LimitPoolSizeToVRAM:0]]
[2021.11.04-08.18.48:279][  0]LogConfig: Setting CVar [[r.Streaming.PoolSize:1000]]
[2021.11.04-08.18.48:279][  0]LogConfig: Setting CVar [[r.Streaming.MaxEffectiveScreenSize:0]]
[2021.11.04-08.18.48:279][  0]LogConfig: Applying CVar settings from Section [EffectsQuality@3] File [E:/Documents/Unreal Projects/Fps3/Saved/Config/Windows/Scalability.ini]
[2021.11.04-08.18.48:279][  0]LogConfig: Setting CVar [[r.TranslucencyLightingVolumeDim:64]]
[2021.11.04-08.18.48:279][  0]LogConfig: Setting CVar [[r.RefractionQuality:2]]
[2021.11.04-08.18.48:279][  0]LogConfig: Setting CVar [[r.SSR.Quality:3]]
[2021.11.04-08.18.48:279][  0]LogConfig: Setting CVar [[r.SSR.HalfResSceneColor:0]]
[2021.11.04-08.18.48:279][  0]LogConfig: Setting CVar [[r.SceneColorFormat:4]]
[2021.11.04-08.18.48:279][  0]LogConfig: Setting CVar [[r.DetailMode:2]]
[2021.11.04-08.18.48:279][  0]LogConfig: Setting CVar [[r.TranslucencyVolumeBlur:1]]
[2021.11.04-08.18.48:279][  0]LogConfig: Setting CVar [[r.MaterialQualityLevel:1 ; High quality]]
[2021.11.04-08.18.48:279][  0]LogConfig: Setting CVar [[r.AnisotropicMaterials:1]]
[2021.11.04-08.18.48:279][  0]LogConfig: Setting CVar [[r.SSS.Scale:1]]
[2021.11.04-08.18.48:279][  0]LogConfig: Setting CVar [[r.SSS.SampleSet:2]]
[2021.11.04-08.18.48:279][  0]LogConfig: Setting CVar [[r.SSS.Quality:1]]
[2021.11.04-08.18.48:279][  0]LogConfig: Setting CVar [[r.SSS.HalfRes:0]]
[2021.11.04-08.18.48:279][  0]LogConfig: Setting CVar [[r.SSGI.Quality:3]]
[2021.11.04-08.18.48:279][  0]LogConfig: Setting CVar [[r.EmitterSpawnRateScale:1.0]]
[2021.11.04-08.18.48:279][  0]LogConfig: Setting CVar [[r.ParticleLightQuality:2]]
[2021.11.04-08.18.48:279][  0]LogConfig: Setting CVar [[r.SkyAtmosphere.AerialPerspectiveLUT.FastApplyOnOpaque:1 ; Always have FastSkyLUT 1 in this case to avoid wrong sky]]
[2021.11.04-08.18.48:279][  0]LogConfig: Setting CVar [[r.SkyAtmosphere.AerialPerspectiveLUT.SampleCountMaxPerSlice:4]]
[2021.11.04-08.18.48:279][  0]LogConfig: Setting CVar [[r.SkyAtmosphere.AerialPerspectiveLUT.DepthResolution:16.0]]
[2021.11.04-08.18.48:279][  0]LogConfig: Setting CVar [[r.SkyAtmosphere.FastSkyLUT:1]]
[2021.11.04-08.18.48:279][  0]LogConfig: Setting CVar [[r.SkyAtmosphere.FastSkyLUT.SampleCountMin:4.0]]
[2021.11.04-08.18.48:279][  0]LogConfig: Setting CVar [[r.SkyAtmosphere.FastSkyLUT.SampleCountMax:128.0]]
[2021.11.04-08.18.48:279][  0]LogConfig: Setting CVar [[r.SkyAtmosphere.SampleCountMin:4.0]]
[2021.11.04-08.18.48:279][  0]LogConfig: Setting CVar [[r.SkyAtmosphere.SampleCountMax:128.0]]
[2021.11.04-08.18.48:279][  0]LogConfig: Setting CVar [[r.SkyAtmosphere.TransmittanceLUT.UseSmallFormat:0]]
[2021.11.04-08.18.48:279][  0]LogConfig: Setting CVar [[r.SkyAtmosphere.TransmittanceLUT.SampleCount:10.0]]
[2021.11.04-08.18.48:279][  0]LogConfig: Setting CVar [[r.SkyAtmosphere.MultiScatteringLUT.SampleCount:15.0]]
[2021.11.04-08.18.48:279][  0]LogConfig: Setting CVar [[r.SkyLight.RealTimeReflectionCapture:1]]
[2021.11.04-08.18.48:279][  0]LogConfig: Applying CVar settings from Section [FoliageQuality@3] File [E:/Documents/Unreal Projects/Fps3/Saved/Config/Windows/Scalability.ini]
[2021.11.04-08.18.48:279][  0]LogConfig: Setting CVar [[foliage.DensityScale:1.0]]
[2021.11.04-08.18.48:279][  0]LogConfig: Setting CVar [[grass.DensityScale:1.0]]
[2021.11.04-08.18.48:279][  0]LogConfig: Applying CVar settings from Section [ShadingQuality@3] File [E:/Documents/Unreal Projects/Fps3/Saved/Config/Windows/Scalability.ini]
[2021.11.04-08.18.48:279][  0]LogConfig: Setting CVar [[r.HairStrands.SkyLighting.IntegrationType:2]]
[2021.11.04-08.18.48:279][  0]LogConfig: Setting CVar [[r.HairStrands.SkyAO.SampleCount:4]]
[2021.11.04-08.18.48:279][  0]LogConfig: Setting CVar [[r.HairStrands.Visibility.MSAA.SamplePerPixel:4]]
[2021.11.04-08.18.48:279][  0]LogConfig: Applying CVar settings from Section [Startup] File [../../../Engine/Config/ConsoleVariables.ini]
[2021.11.04-08.18.48:279][  0]LogConfig: Setting CVar [[net.UseAdaptiveNetUpdateFrequency:0]]
[2021.11.04-08.18.48:279][  0]LogConfig: Setting CVar [[p.chaos.AllowCreatePhysxBodies:1]]
[2021.11.04-08.18.48:279][  0]LogConfig: Setting CVar [[fx.SkipVectorVMBackendOptimizations:1]]
[2021.11.04-08.18.48:279][  0]LogConfig: Applying CVar settings from Section [ConsoleVariables] File [E:/Documents/Unreal Projects/Fps3/Saved/Config/Windows/Engine.ini]
[2021.11.04-08.18.48:279][  0]LogConfig: Applying CVar settings from Section [ConsoleVariables] File [E:/Documents/Unreal Projects/Fps3/Saved/Config/Windows/Editor.ini]
[2021.11.04-08.18.48:279][  0]LogInit: Computer: LAPTOP-F1F61VQQ
[2021.11.04-08.18.48:279][  0]LogInit: User: 86139
[2021.11.04-08.18.48:279][  0]LogInit: CPU Page size=4096, Cores=6
[2021.11.04-08.18.48:279][  0]LogInit: High frequency timer resolution =10.000000 MHz
[2021.11.04-08.18.48:279][  0]LogMemory: Memory total: Physical=15.8GB (16GB approx)
[2021.11.04-08.18.48:279][  0]LogMemory: Platform Memory Stats for Windows
[2021.11.04-08.18.48:279][  0]LogMemory: Process Physical Memory: 147.68 MB used, 147.69 MB peak
[2021.11.04-08.18.48:279][  0]LogMemory: Process Virtual Memory: 123.03 MB used, 123.03 MB peak
[2021.11.04-08.18.48:279][  0]LogMemory: Physical Memory: 6545.99 MB used,  9676.79 MB free, 16222.78 MB total
[2021.11.04-08.18.48:279][  0]LogMemory: Virtual Memory: 134209064.00 MB used,  8665.22 MB free, 134217728.00 MB total
[2021.11.04-08.18.48:286][  0]LogWindows: WindowsPlatformFeatures enabled
[2021.11.04-08.18.48:349][  0]LogInit: Physics initialised using underlying interface: PhysX
[2021.11.04-08.18.48:349][  0]LogInit: Using OS detected language (zh-CN).
[2021.11.04-08.18.48:349][  0]LogInit: Using OS detected locale (zh-CN).
[2021.11.04-08.18.48:351][  0]LogTextLocalizationManager: No specific localization for 'zh-CN' exists, so the 'zh-Hans' localization will be used.
[2021.11.04-08.18.48:444][  0]LogTextLocalizationResource: LocRes '../../../Engine/Content/Localization/Editor/zh/Editor.locres' could not be opened for reading!
[2021.11.04-08.18.48:444][  0]LogTextLocalizationResource: LocRes '../../../Engine/Content/Localization/EditorTutorials/zh/EditorTutorials.locres' could not be opened for reading!
[2021.11.04-08.18.48:444][  0]LogTextLocalizationResource: LocRes '../../../Engine/Content/Localization/Keywords/zh/Keywords.locres' could not be opened for reading!
[2021.11.04-08.18.48:444][  0]LogTextLocalizationResource: LocRes '../../../Engine/Content/Localization/Category/zh/Category.locres' could not be opened for reading!
[2021.11.04-08.18.48:445][  0]LogTextLocalizationResource: LocRes '../../../Engine/Content/Localization/ToolTips/zh/ToolTips.locres' could not be opened for reading!
[2021.11.04-08.18.48:445][  0]LogTextLocalizationResource: LocRes '../../../Engine/Content/Localization/PropertyNames/zh/PropertyNames.locres' could not be opened for reading!
[2021.11.04-08.18.48:445][  0]LogTextLocalizationResource: LocRes '../../../Engine/Content/Localization/Engine/zh/Engine.locres' could not be opened for reading!
[2021.11.04-08.18.48:445][  0]LogTextLocalizationResource: LocRes '../../../Engine/Plugins/Online/OnlineSubsystem/Content/Localization/OnlineSubsystem/zh/OnlineSubsystem.locres' could not be opened for reading!
[2021.11.04-08.18.48:445][  0]LogTextLocalizationResource: LocRes '../../../Engine/Plugins/Online/OnlineSubsystemUtils/Content/Localization/OnlineSubsystemUtils/zh/OnlineSubsystemUtils.locres' could not be opened for reading!
[2021.11.04-08.18.48:445][  0]LogTextLocalizationResource: LocRes '../../../Engine/Plugins/Online/Android/OnlineSubsystemGooglePlay/Content/Localization/OnlineSubsystemGooglePlay/zh/OnlineSubsystemGooglePlay.locres' could not be opened for reading!
[2021.11.04-08.18.48:445][  0]LogTextLocalizationResource: LocRes '../../../Engine/Plugins/Online/IOS/OnlineSubsystemIOS/Content/Localization/OnlineSubsystemIOS/zh/OnlineSubsystemIOS.locres' could not be opened for reading!
[2021.11.04-08.18.48:491][  0]LogWindowsTextInputMethodSystem: Display: IME system deactivated.
[2021.11.04-08.18.48:506][  0]LogSlate: New Slate User Created.  User Index 0, Is Virtual User: 0
[2021.11.04-08.18.48:506][  0]LogSlate: Slate User Registered.  User Index 0, Is Virtual User: 0
[2021.11.04-08.18.48:517][  0]LogD3D11RHI: Loaded GFSDK_Aftermath_Lib.x64.dll
[2021.11.04-08.18.48:557][  0]LogHMD: Failed to initialize OpenVR with code 108
[2021.11.04-08.18.48:558][  0]LogD3D11RHI: D3D11 min allowed feature level: 11_0
[2021.11.04-08.18.48:558][  0]LogD3D11RHI: D3D11 max allowed feature level: 11_0
[2021.11.04-08.18.48:558][  0]LogD3D11RHI: D3D11 adapters:
[2021.11.04-08.18.48:658][  0]LogD3D11RHI:    0. 'NVIDIA GeForce RTX 2070' (Feature Level 11_0)
[2021.11.04-08.18.48:658][  0]LogD3D11RHI:       8031/0/8111 MB DedicatedVideo/DedicatedSystem/SharedSystem, Outputs:1, VendorId:0x10de
[2021.11.04-08.18.48:660][  0]LogD3D11RHI:    1. 'Microsoft Basic Render Driver' (Feature Level 11_0)
[2021.11.04-08.18.48:660][  0]LogD3D11RHI:       0/0/8111 MB DedicatedVideo/DedicatedSystem/SharedSystem, Outputs:0, VendorId:0x1414
[2021.11.04-08.18.48:660][  0]LogD3D11RHI: Chosen D3D11 Adapter:
[2021.11.04-08.18.48:660][  0]LogD3D11RHI:     Description : NVIDIA GeForce RTX 2070
[2021.11.04-08.18.48:660][  0]LogD3D11RHI:     VendorId    : 10de
[2021.11.04-08.18.48:660][  0]LogD3D11RHI:     DeviceId    : 1f14
[2021.11.04-08.18.48:660][  0]LogD3D11RHI:     SubSysId    : 8748103c
[2021.11.04-08.18.48:660][  0]LogD3D11RHI:     Revision    : 00a1
[2021.11.04-08.18.48:660][  0]LogD3D11RHI:     DedicatedVideoMemory : 8421113856 bytes
[2021.11.04-08.18.48:660][  0]LogD3D11RHI:     DedicatedSystemMemory : 0 bytes
[2021.11.04-08.18.48:660][  0]LogD3D11RHI:     SharedSystemMemory : 8505409536 bytes
[2021.11.04-08.18.48:660][  0]LogD3D11RHI:     AdapterLuid : 0 66592
[2021.11.04-08.18.48:664][  0]LogD3D11RHI: Creating new Direct3DDevice
[2021.11.04-08.18.48:664][  0]LogD3D11RHI:     GPU DeviceId: 0x1f14 (for the marketing name, search the web for "GPU Device Id")
[2021.11.04-08.18.48:664][  0]LogWindows: EnumDisplayDevices:
[2021.11.04-08.18.48:664][  0]LogWindows:    0. 'NVIDIA GeForce RTX 2070' (P:1 D:1)
[2021.11.04-08.18.48:665][  0]LogWindows:    1. 'NVIDIA GeForce RTX 2070' (P:0 D:0)
[2021.11.04-08.18.48:665][  0]LogWindows:    2. 'NVIDIA GeForce RTX 2070' (P:0 D:0)
[2021.11.04-08.18.48:666][  0]LogWindows:    3. 'NVIDIA GeForce RTX 2070' (P:0 D:0)
[2021.11.04-08.18.48:666][  0]LogWindows: DebugString: FoundDriverCount:4 
[2021.11.04-08.18.48:666][  0]LogD3D11RHI:     Adapter Name: NVIDIA GeForce RTX 2070
[2021.11.04-08.18.48:666][  0]LogD3D11RHI:   Driver Version: 462.80 (internal:27.21.14.6280, unified:462.80)
[2021.11.04-08.18.48:666][  0]LogD3D11RHI:      Driver Date: 6-9-2021
[2021.11.04-08.18.48:666][  0]LogRHI: Texture pool is 5621 MB (70% of 8031 MB)
[2021.11.04-08.18.48:666][  0]LogD3D11RHI: Creating D3DDevice using adapter:
[2021.11.04-08.18.48:666][  0]LogD3D11RHI:     Description : NVIDIA GeForce RTX 2070
[2021.11.04-08.18.48:666][  0]LogD3D11RHI:     VendorId    : 10de
[2021.11.04-08.18.48:666][  0]LogD3D11RHI:     DeviceId    : 1f14
[2021.11.04-08.18.48:666][  0]LogD3D11RHI:     SubSysId    : 8748103c
[2021.11.04-08.18.48:666][  0]LogD3D11RHI:     Revision    : 00a1
[2021.11.04-08.18.48:666][  0]LogD3D11RHI:     DedicatedVideoMemory : 8421113856 bytes
[2021.11.04-08.18.48:666][  0]LogD3D11RHI:     DedicatedSystemMemory : 0 bytes
[2021.11.04-08.18.48:666][  0]LogD3D11RHI:     SharedSystemMemory : 8505409536 bytes
[2021.11.04-08.18.48:666][  0]LogD3D11RHI:     AdapterLuid : 0 66592
[2021.11.04-08.18.48:729][  0]LogD3D11RHI: RHI has support for 64 bit atomics
[2021.11.04-08.18.48:729][  0]LogD3D11RHI: Async texture creation enabled
[2021.11.04-08.18.48:729][  0]LogD3D11RHI: Array index from any shader is supported
[2021.11.04-08.18.48:744][  0]LogD3D11RHI: GPU Timing Frequency: 1000.000000 (Debug: 2 1)
[2021.11.04-08.18.48:822][  0]LogRHI: GeForceNow SDK initialized: 1
[2021.11.04-08.18.49:142][  0]LogTargetPlatformManager: Display: Loaded TargetPlatform 'WindowsNoEditor'
[2021.11.04-08.18.49:146][  0]LogTargetPlatformManager: Display: Loaded TargetPlatform 'Windows'
[2021.11.04-08.18.49:150][  0]LogTargetPlatformManager: Display: Loaded TargetPlatform 'WindowsClient'
[2021.11.04-08.18.49:154][  0]LogTargetPlatformManager: Display: Loaded TargetPlatform 'WindowsServer'
[2021.11.04-08.18.49:154][  0]LogTargetPlatformManager: Display: Building Assets For Windows
[2021.11.04-08.18.49:160][  0]LogAudioDebug: Display: Lib vorbis DLL was dynamically loaded.
[2021.11.04-08.18.49:187][  0]LogTextureFormatOodle: Display: Oodle Texture 2.9.0 init RDO Off
[2021.11.04-08.18.49:213][  0]LogRendererCore: Ray tracing is disabled. Reason: r.RayTracing=0.
[2021.11.04-08.18.49:213][  0]LogShaderCompilers: Guid format shader working directory is 1 characters bigger than the processId version (../../../../../Documents/Unreal Projects/Fps3/Intermediate/Shaders/WorkingDirectory/3924/).
[2021.11.04-08.18.49:213][  0]LogShaderCompilers: Cleaned the shader compiler working directory 'C:/Users/86139/AppData/Local/Temp/UnrealShaderWorkingDir/834DAE204777AA5E5218B3AEA0A85805/'.
[2021.11.04-08.18.49:213][  0]LogXGEController: Cannot use XGE Controller as Incredibuild is not installed on this machine.
[2021.11.04-08.18.49:213][  0]LogShaderCompilers: Cannot use XGE Shader Compiler as Incredibuild is not installed on this machine.
[2021.11.04-08.18.49:213][  0]LogShaderCompilers: Display: Using Local Shader Compiler.
[2021.11.04-08.18.49:856][  0]LogDerivedDataCache: Display: Max Cache Size: 512 MB
[2021.11.04-08.18.49:901][  0]LogDerivedDataCache: Loaded boot cache 0.04s 94MB C:/Users/86139/AppData/Local/UnrealEngine/4.27/DerivedDataCache/Boot.ddc.
[2021.11.04-08.18.49:901][  0]LogDerivedDataCache: Display: Loaded Boot cache: C:/Users/86139/AppData/Local/UnrealEngine/4.27/DerivedDataCache/Boot.ddc
[2021.11.04-08.18.49:901][  0]LogDerivedDataCache: FDerivedDataBackendGraph:  Pak pak cache file ../../../../../Documents/Unreal Projects/Fps3/DerivedDataCache/DDC.ddp not found, will not use a pak cache.
[2021.11.04-08.18.49:901][  0]LogDerivedDataCache: Unable to find inner node Pak for hierarchical cache Hierarchy.
[2021.11.04-08.18.49:901][  0]LogDerivedDataCache: FDerivedDataBackendGraph:  CompressedPak pak cache file ../../../../../Documents/Unreal Projects/Fps3/DerivedDataCache/Compressed.ddp not found, will not use a pak cache.
[2021.11.04-08.18.49:901][  0]LogDerivedDataCache: Unable to find inner node CompressedPak for hierarchical cache Hierarchy.
[2021.11.04-08.18.49:915][  0]LogDerivedDataCache: Display: Pak cache opened for reading ../../../Engine/DerivedDataCache/Compressed.ddp.
[2021.11.04-08.18.49:915][  0]LogDerivedDataCache: FDerivedDataBackendGraph:  EnterprisePak pak cache file ../../../Enterprise/DerivedDataCache/Compressed.ddp not found, will not use a pak cache.
[2021.11.04-08.18.49:915][  0]LogDerivedDataCache: Unable to find inner node EnterprisePak for hierarchical cache Hierarchy.
[2021.11.04-08.18.49:920][  0]LogDerivedDataCache: Speed tests for C:/Users/86139/AppData/Local/UnrealEngine/Common/DerivedDataCache took 0.01 seconds
[2021.11.04-08.18.49:920][  0]LogDerivedDataCache: Display: Performance to C:/Users/86139/AppData/Local/UnrealEngine/Common/DerivedDataCache: Latency=0.02ms. RandomReadSpeed=1901.59MBs, RandomWriteSpeed=208.43MBs. Assigned SpeedClass 'Local'
[2021.11.04-08.18.49:921][  0]LogDerivedDataCache: Using Local data cache path C:/Users/86139/AppData/Local/UnrealEngine/Common/DerivedDataCache: Writable
[2021.11.04-08.18.49:921][  0]LogDerivedDataCache: Shared data cache path not found in *engine.ini, will not use an Shared cache.
[2021.11.04-08.18.49:921][  0]LogDerivedDataCache: Unable to find inner node Shared for hierarchical cache Hierarchy.
[2021.11.04-08.18.49:951][  0]LogSlate: Using FreeType 2.10.0
[2021.11.04-08.18.49:951][  0]LogSlate: SlateFontServices - WITH_FREETYPE: 1, WITH_HARFBUZZ: 1
[2021.11.04-08.18.50:014][  0]LogInit: Using OS detected language (zh-CN).
[2021.11.04-08.18.50:014][  0]LogInit: Using OS detected locale (zh-CN).
[2021.11.04-08.18.50:014][  0]LogTextLocalizationManager: No localization for 'zh-CN' exists, so 'en' will be used for the language.
[2021.11.04-08.18.50:014][  0]LogTextLocalizationManager: No localization for 'zh-CN' exists, so 'en' will be used for the locale.
[2021.11.04-08.18.50:014][  0]LogSlate: FontCache flush requested. Reason: Culture for localization was changed
[2021.11.04-08.18.50:014][  0]LogSlate: FontCache flush requested. Reason: Culture for localization was changed
[2021.11.04-08.18.50:016][  0]LogAssetRegistry: FAssetRegistry took 0.0014 seconds to start up
[2021.11.04-08.18.50:146][  0]LogTextLocalizationManager: Compacting localization data took   0.00ms
[2021.11.04-08.18.50:146][  0]LogPackageLocalizationCache: Processed 27 localized package path(s) for 1 prioritized culture(s) in 0.000723 seconds
[2021.11.04-08.18.50:195][  0]LogInit: Selected Device Profile: [Windows]
[2021.11.04-08.18.50:195][  0]LogInit: Active device profile: [0000023FB4F25E00][0000023FADDD7600 49] Windows
[2021.11.04-08.18.50:196][  0]LogInit: Profiles: [0000023FB4F25E00][0000023FADDD7600 49] Windows, [0000023FB4EE5C00][0000023FADDDB740 49] WindowsNoEditor, [0000023FB4F27F00][0000023FADDDF880 49] WindowsServer, [0000023FB4EE4300][0000023FB2D21A00 49] WindowsClient, [0000023FB4F24500][0000023FB2D25B80 49] IOS, [0000023FB4EE6700][0000023FB2D28180 49] iPadAir, [0000023FB4F26D00][0000023FB2D2C300 49] iPadAir2, [0000023FB4E85B00][0000023FB2D345C0 49] IPadPro, [0000023FB4E85C00][0000023FB2D30600 49] iPadAir3, [0000023FB4F25600][0000023FB2D38780 49] iPadAir4, [0000023FB4E87500][0000023FB2D3C900 49] iPadMini2, [0000023FB4F26A00][0000023FB2D40A80 49] iPadMini3, [0000023FB4E85500][0000023FB2D44C00 49] iPadMini4, [0000023FB4F26300][0000023FB2D48D80 49] iPadMini5, [0000023FB4E9D100][0000023FB2D51040 49] iPhone6, [0000023FB4E9D200][0000023FB2D4D080 49] iPodTouch6, [0000023FB4EE5800][0000023FB2D59340 49] iPhone7, [0000023FB4EE5B00][0000023FB2D55380 49] iPodTouch7, [0000023FB4E87700][0000023FB2D5D500 49] iPhone5S, [0000023FB4EE6800][0000023FB2D61680 49] iPhone6Plus, [0000023FB4E9C100][0000023FADDE37C0 49] iPhone6S, [0000023FB4E86D00][0000023FB2D65900 49] iPhone6SPlus, [0000023FB4E9F100][0000023FB2D69A40 49] iPhone7Plus, [0000023FB4E84B00][0000023FB30A1BC0 49] iPhoneSE, [0000023FB4E9CC00][0000023FB30A41C0 49] iPhone8, [0000023FB4EE5F00][0000023FB30A8340 49] iPhone8Plus, [0000023FB4E9F700][0000023FB30AC4C0 49] iPhoneX, [0000023FB4EE6F00][0000023FB30B0640 49] iPhoneXS, [0000023FB4E9FA00][0000023FB30B47C0 49] iPhoneXSMax, [0000023FB4EE4100][0000023FB30B8940 49] iPhoneXR, [0000023FB4E9CE00][0000023FB30BCAC0 49] iPhone11, [0000023FB4EE5D00][0000023FB30C0C40 49] iPhone11Pro, [0000023FB4E9C400][0000023FB30C4DC0 49] iPhone11ProMax, [0000023FB4EE6A00][0000023FB30C8F40 49] iPhoneSE2, [0000023FB4E9DD00][0000023FB30CD0C0 49] iPhone12Mini, [0000023FB4EE4D00][0000023FB30D1240 49] iPhone12, [0000023FB4E9E400][0000023FB30D53C0 49] iPhone12Pro, [0000023FB4EE4F00][0000023FB30D9540 49] iPhone12ProMax, [0000023FB4E9C700][0000023FB30DD6C0 49] iPadPro105, [0000023FB4EE4500][0000023FB30E1840 49] iPadPro129, [0000023FB4E9D800][0000023FB309D980 49] iPadPro97, [0000023FB4EE7400][0000023FB30E5AC0 49] iPadPro2_129, [0000023FB4E9CA00][0000023FB30E9C00 49] iPad5, [0000023FB4EE6D00][0000023FB30EC1C0 49] iPad6, [0000023FB4E9F200][0000023FB30F4340 49] iPad7, [0000023FB4EE6200][0000023FB30F84C0 49] iPad8, [0000023FB4E9E200][0000023FB30FC640 49] iPadPro11, [0000023FB4EE5200][0000023FB31007C0 49] iPadPro2_11, [0000023FB4E9D400][0000023FB3104940 49] iPadPro3_129, [0000023FB4EE4A00][0000023FB3108AC0 49] iPadPro4_129, [0000023FB4E9CD00][0000023FB310CC40 49] AppleTV, [0000023FB4EE7B00][0000023FB3110DC0 49] AppleTV4K, [0000023FB4E9E300][0000023FB3114F40 49] TVOS, [0000023FB4EE6400][0000023FB31190C0 49] Mac, [0000023FB4E9F500][0000023FB311D240 49] MacClient, [0000023FB4EE7700][0000023FA70FF3C0 49] MacNoEditor, [0000023FB4E9F600][0000023FA7103540 49] MacServer, [0000023FB4EE4700][0000023FA71076C0 49] Linux, [0000023FB4E9F400][0000023FA710B840 49] LinuxAArch64, [0000023FB4EE7100][0000023FA710F9C0 49] LinuxNoEditor, [0000023FB4E9FC00][0000023FB30F1B00 49] LinuxAArch64NoEditor, [0000023FB4EE5A00][0000023FA71120C0 49] LinuxClient, [0000023FB4E9F000][0000023FA7116200 49] LinuxAArch64Client, [0000023FB4EE4E00][0000023FA711A340 49] LinuxServer, [0000023FB4E9DB00][0000023FA71224C0 49] LinuxAArch64Server, [0000023FB4EE6E00][0000023FA7126640 49] Android, [0000023FB4E9FE00][0000023FAD6A07C0 49] Android_Low, [0000023FB4EE4600][0000023FAD6A4940 49] Android_Mid, [0000023FB4E9F300][0000023FAD6A8AC0 49] Android_High, [0000023FB4EE5000][0000023FAD6ACC40 49] Android_Default, [0000023FB4E9FD00][0000023FAD6B0DC0 49] Android_Adreno4xx, [0000023FB4EE4C00][0000023FAD6B4F40 49] Android_Adreno5xx_Low, [0000023FB4E9F900][0000023FAD6B90C0 49] Android_Adreno5xx, [0000023FB4F24B00][0000023FAD6BD240 49] Android_Adreno6xx, [0000023FB4E87300][0000023FAD6C13C0 49] Android_Adreno6xx_Vulkan, [0000023FB4F24800][0000023FAD6C5540 49] Android_Mali_T6xx, [0000023FB4E86E00][0000023FAD6C96C0 49] Android_Mali_T7xx, [0000023FB4F24A00][0000023FAD6CD840 49] Android_Mali_T8xx, [0000023FB4E86100][0000023FAD6D19C0 49] Android_Mali_G71, [0000023FB4F27600][0000023FAD6D5B40 49] Android_Mali_G72, [0000023FB4E87B00][0000023FAD6D8140 49] Android_Mali_G72_Vulkan, [0000023FB4F25100][0000023FA711E280 49] Android_Mali_G76, [0000023FB4E86400][0000023FAD6DC3C0 49] Android_Mali_G76_Vulkan, [0000023FB4F24C00][0000023FAD6E0500 49] Android_Mali_G77, [0000023FB4E84A00][0000023FAD6E8680 49] Android_Mali_G77_Vulkan, [0000023FB4F27700][0000023FAD6EC800 49] Android_Mali_G78, [0000023FB4E85D00][0000023FAD6F0980 49] Android_Mali_G78_Vulkan, [0000023FB4F26700][0000023FAD6F4B00 49] Android_Mali_G710, [0000023FB4E84F00][0000023FAD6F8C80 49] Android_Mali_G710_Vulkan, [0000023FB4F24D00][0000023FAD6FCE00 49] Android_Vulkan_SM5, [0000023FB4E85700][0000023FAD700F80 49] Android_PowerVR_G6xxx, [0000023FB4F26F00][0000023FAD705100 49] Android_PowerVR_GT7xxx, [0000023FB4E86600][0000023FAD709280 49] Android_PowerVR_GE8xxx, [0000023FB4F24E00][0000023FAD70D400 49] Android_PowerVR_GM9xxx, [0000023FB4E87F00][0000023FAD711580 49] Android_PowerVR_GM9xxx_Vulkan, [0000023FB4F27900][0000023FAD715700 49] Android_TegraK1, [0000023FB4E87D00][0000023FAD719880 49] Android_Unknown_Vulkan, [0000023FB4E9E000][0000023FAD71DA00 49] Lumin, [0000023FB4E86F00][0000023FAD721B80 49] Lumin_Desktop, [0000023FB4E9EC00][0000023FAD724180 49] HoloLens, 
[2021.11.04-08.18.50:228][  0]LogMeshReduction: Using QuadricMeshReduction for automatic static mesh reduction
[2021.11.04-08.18.50:228][  0]LogMeshReduction: Using SimplygonMeshReduction for automatic skeletal mesh reduction
[2021.11.04-08.18.50:228][  0]LogMeshReduction: Using ProxyLODMeshReduction for automatic mesh merging
[2021.11.04-08.18.50:228][  0]LogMeshReduction: No distributed automatic mesh merging module available
[2021.11.04-08.18.50:228][  0]LogMeshMerging: No distributed automatic mesh merging module available
[2021.11.04-08.18.50:312][  0]LogNetVersion: Fps3 1.0.0, NetCL: 17155196, EngineNetVer: 17, GameNetVer: 0 (Checksum: 2746099568)
[2021.11.04-08.18.50:485][  0]LogTexture: Default maximum texture size for cubemaps generated from long-lat sources has been changed from 512 to unlimited. In order to preserve old behaiour for '/Engine/MapTemplates/Sky/DaylightAmbientCubemap.DaylightAmbientCubemap', its maximum texture size has been explicitly set to 512.
[2021.11.04-08.18.50:526][  0]LogHMD: PokeAHoleMaterial loaded successfully
[2021.11.04-08.18.50:609][  0]LogMoviePlayer: Initializing movie player
[2021.11.04-08.18.50:700][  0]LogNiagaraDebuggerClient: Niagara Debugger Client Initialized | Session: 9B65BE8F44C6A643DCEFB7827769A54A | Instance: 4A7A411F41CBF6D417376780B48D6FC6 (LAPTOP-F1F61VQQ-3924).
[2021.11.04-08.18.50:715][  0]LogCollectionManager: Loaded 0 collections in 0.000451 seconds
[2021.11.04-08.18.50:717][  0]LogFileCache: Scanning file cache for directory 'E:/Documents/Unreal Projects/Fps3/Saved/Collections/' took 0.00s
[2021.11.04-08.18.50:717][  0]LogFileCache: Scanning file cache for directory 'E:/Documents/Unreal Projects/Fps3/Content/Developers/86139/Collections/' took 0.00s
[2021.11.04-08.18.50:717][  0]LogFileCache: Scanning file cache for directory 'E:/Documents/Unreal Projects/Fps3/Content/Collections/' took 0.00s
[2021.11.04-08.18.50:717][  0]LogCollectionManager: Fixed up redirectors for 0 collections in 0.000001 seconds (updated 0 objects)
[2021.11.04-08.18.50:737][  0]LogImageWrapper: Warning: PNG Warning: Duplicate iCCP chunk
[2021.11.04-08.18.50:737][  0]LogImageWrapper: Warning: PNG Warning: Duplicate iCCP chunk
[2021.11.04-08.18.50:737][  0]LogPython: Using Python 3.7.7
[2021.11.04-08.18.51:168][  0]LogTcpMessaging: Initializing TcpMessaging bridge
[2021.11.04-08.18.51:172][  0]LogUdpMessaging: Initializing bridge on interface 0.0.0.0:0 to multicast group 230.0.0.1:6666.
[2021.11.04-08.18.51:244][  0]SourceControl: Source control is disabled
[2021.11.04-08.18.51:244][  0]SourceControl: Source control is disabled
[2021.11.04-08.18.51:246][  0]SourceControl: Source control is disabled
[2021.11.04-08.18.51:253][  0]LogUProjectInfo: Found projects:
[2021.11.04-08.18.51:318][  0]LogOpenImageDenoise: OIDN starting up
[2021.11.04-08.18.51:352][  0]LogAndroidPermission: UAndroidPermissionCallbackProxy::GetInstance
[2021.11.04-08.18.51:366][  0]LogAudioCaptureCore: Display: No Audio Capture implementations found. Audio input will be silent.
[2021.11.04-08.18.51:366][  0]LogAudioCaptureCore: Display: No Audio Capture implementations found. Audio input will be silent.
[2021.11.04-08.18.51:423][  0]LogOcInput: OculusInput pre-init called
[2021.11.04-08.18.51:430][  0]LogUObjectArray: 22121 objects as part of root set at end of initial load.
[2021.11.04-08.18.51:430][  0]LogUObjectAllocator: 5975440 out of 0 bytes used by permanent object pool.
[2021.11.04-08.18.51:430][  0]LogUObjectArray: CloseDisregardForGC: 0/0 objects in disregard for GC pool
[2021.11.04-08.18.51:467][  0]LogEngine: Initializing Engine...
[2021.11.04-08.18.51:506][  0]LogHMD: Failed to initialize OpenVR with code 108
[2021.11.04-08.18.51:516][  0]LogHMD: Optional extension XR_VARJO_quad_views is not available
[2021.11.04-08.18.51:516][  0]LogHMD: Warning: Required extension XR_EXT_eye_gaze_interaction is not available
[2021.11.04-08.18.51:516][  0]LogHMD: Could not enable all required OpenXR extensions for OpenXREyeTracker on current system. This plugin will be loaded but ignored, but will be enabled on a target platform that supports the required extension.
[2021.11.04-08.18.51:547][  0]LogHMD: Failed to create an OpenXR instance, result is XR_ERROR_RUNTIME_FAILURE. Please check if you have an OpenXR runtime installed. The following extensions were enabled:
[2021.11.04-08.18.51:547][  0]LogHMD: - XR_KHR_D3D11_enable
[2021.11.04-08.18.51:547][  0]LogHMD: - XR_KHR_D3D12_enable
[2021.11.04-08.18.51:547][  0]LogHMD: - XR_KHR_opengl_enable
[2021.11.04-08.18.51:547][  0]LogHMD: - XR_KHR_vulkan_enable
[2021.11.04-08.18.51:547][  0]LogHMD: - XR_KHR_composition_layer_depth
[2021.11.04-08.18.51:547][  0]LogHMD: - XR_KHR_visibility_mask
[2021.11.04-08.18.51:547][  0]LogHMD: - XR_EXT_hand_tracking
[2021.11.04-08.18.51:547][  0]LogMagicLeap: Warning: VR disabled because ZI is not enabled.  To enable, in the editor, Edit -> Project Settings -> Plugins -> Magic Leap Plugin -> Enable Zero Iteration
[2021.11.04-08.18.51:548][  0]LogStats: UGameplayTagsManager::InitializeManager -  0.000 s
[2021.11.04-08.18.51:619][  0]LogInit: Initializing FReadOnlyCVARCache
[2021.11.04-08.18.51:619][  0]LogAudio: Display: Initializing Audio Device Manager...
[2021.11.04-08.18.51:622][  0]LogAudio: Display: Loading Default Audio Settings Objects...
[2021.11.04-08.18.51:622][  0]LogAudio: Display: No default SoundConcurrencyObject specified (or failed to load).
[2021.11.04-08.18.51:623][  0]LogAudio: Display: Audio Device Manager Initialized
[2021.11.04-08.18.51:623][  0]LogAudio: Display: Creating Audio Device:                 Id: 1, Scope: Shared, Realtime: True
[2021.11.04-08.18.51:623][  0]LogAudioMixer: Display: Audio Mixer Platform Settings:
[2021.11.04-08.18.51:623][  0]LogAudioMixer: Display: 	Sample Rate:						  48000
[2021.11.04-08.18.51:623][  0]LogAudioMixer: Display: 	Callback Buffer Frame Size Requested: 1024
[2021.11.04-08.18.51:623][  0]LogAudioMixer: Display: 	Callback Buffer Frame Size To Use:	  1024
[2021.11.04-08.18.51:623][  0]LogAudioMixer: Display: 	Number of buffers to queue:			  2
[2021.11.04-08.18.51:623][  0]LogAudioMixer: Display: 	Max Channels (voices):				  32
[2021.11.04-08.18.51:623][  0]LogAudioMixer: Display: 	Number of Async Source Workers:		  0
[2021.11.04-08.18.51:623][  0]LogAudio: Display: AudioDevice MaxSources: 32
[2021.11.04-08.18.51:623][  0]LogAudio: Display: Audio Spatialization Plugin: None (built-in).
[2021.11.04-08.18.51:623][  0]LogAudio: Display: Audio Reverb Plugin: None (built-in).
[2021.11.04-08.18.51:623][  0]LogAudio: Display: Audio Occlusion Plugin: None (built-in).
[2021.11.04-08.18.51:623][  0]LogAudioMixer: Display: Initializing audio mixer.
[2021.11.04-08.18.51:645][  0]LogAudioMixer: Display: 0: FrontLeft
[2021.11.04-08.18.51:645][  0]LogAudioMixer: Display: 1: FrontRight
[2021.11.04-08.18.51:870][  0]LogAudioMixer: Display: Using Audio Device Speaker (Realtek(R) Audio)
[2021.11.04-08.18.51:872][  0]LogAudioMixer: Display: Initializing Sound Submixes...
[2021.11.04-08.18.51:873][  0]LogAudioMixer: Display: Creating Master Submix 'MasterSubmixDefault'
[2021.11.04-08.18.51:873][  0]LogAudioMixer: Display: Creating Master Submix 'MasterReverbSubmixDefault'
[2021.11.04-08.18.51:874][  0]LogAudioMixer: Display: Creating Master Submix 'MasterEQSubmixDefault'
[2021.11.04-08.18.51:874][  0]LogAudioMixer: FMixerPlatformXAudio2::StartAudioStream() called
[2021.11.04-08.18.51:874][  0]LogAudioMixer: Display: Output buffers initialized: Frames=1024, Channels=2, Samples=2048
[2021.11.04-08.18.51:875][  0]LogAudioMixer: Display: Starting AudioMixerPlatformInterface::RunInternal()
[2021.11.04-08.18.51:875][  0]LogAudioMixer: Display: FMixerPlatformXAudio2::SubmitBuffer() called for the first time
[2021.11.04-08.18.51:875][  0]LogInit: FAudioDevice initialized.
[2021.11.04-08.18.51:875][  0]LogNetVersion: Set ProjectVersion to 1.0.0.0. Version Checksum will be recalculated on next use.
[2021.11.04-08.18.51:876][  0]LogInit: Texture streaming: Enabled
[2021.11.04-08.18.51:927][  0]LogAudio: Display: Audio Device (ID: 1) registered with world 'Untitled'.
[2021.11.04-08.18.51:927][  0]LogSlate: Updating window title bar state: overlay mode, drag disabled, window buttons hidden, title bar hidden
[2021.11.04-08.18.51:928][  0]LogInit: Display: Game Engine Initialized.
[2021.11.04-08.18.51:928][  0]LogNiagaraEditor: GEditor isn't valid! Particle reset commands will not work for Niagara components!
[2021.11.04-08.18.52:027][  0]LogImageWrapper: Warning: PNG Warning: Duplicate iCCP chunk
[2021.11.04-08.18.52:027][  0]LogImageWrapper: Warning: PNG Warning: Duplicate iCCP chunk
[2021.11.04-08.18.52:027][  0]LogInit: Display: Starting Game.
[2021.11.04-08.18.52:027][  0]LogNet: Browse: /Game/FirstPersonBP/Maps/FirstPersonExampleMap?Name=Player
[2021.11.04-08.18.52:027][  0]LogLoad: LoadMap: /Game/FirstPersonBP/Maps/FirstPersonExampleMap?Name=Player
[2021.11.04-08.18.52:027][  0]LogWorld: BeginTearingDown for /Temp/Untitled_0
[2021.11.04-08.18.52:028][  0]LogWorld: UWorld::CleanupWorld for Untitled, bSessionEnded=true, bCleanupResources=true
[2021.11.04-08.18.52:028][  0]LogSlate: InvalidateAllWidgets triggered.  All widgets were invalidated
[2021.11.04-08.18.52:031][  0]LogAudio: Display: Audio Device unregistered from world 'None'.
[2021.11.04-08.18.52:033][  0]LogUObjectHash: Compacting FUObjectHashTables data took   0.66ms
[2021.11.04-08.18.52:388][  0]LogAudio: Display: Audio Device (ID: 1) registered with world 'FirstPersonExampleMap'.
[2021.11.04-08.18.52:393][  0]LogAIModule: Creating AISystem for world FirstPersonExampleMap
[2021.11.04-08.18.52:394][  0]LogLoad: Game class is 'FirstPersonGameMode_C'
[2021.11.04-08.18.52:405][  0]LogWorld: Bringing World /Game/FirstPersonBP/Maps/FirstPersonExampleMap.FirstPersonExampleMap up for play (max tick rate 0) at 2021.11.04-16.18.52
[2021.11.04-08.18.52:406][  0]LogWorld: Bringing up level for play took: 0.011708
[2021.11.04-08.18.52:409][  0]LogLoad: Took 0.382071 seconds to LoadMap(/Game/FirstPersonBP/Maps/FirstPersonExampleMap)
[2021.11.04-08.18.52:433][  0]LogSlate: Took 0.000093 seconds to synchronously load lazily loaded font '../../../Engine/Content/Slate/Fonts/Roboto-Regular.ttf' (155K)
[2021.11.04-08.18.52:453][  0]LogRenderer: Reallocating scene render targets to support 1280x720 Format 10 NumSamples 1 (Frame:1).
[2021.11.04-08.18.52:453][  0]LogInit: Display: Engine is initialized. Leaving FEngineLoop::Init()
[2021.11.04-08.18.52:453][  0]LogLoad: (Engine Initialization) Total time: 5.01 seconds
[2021.11.04-08.18.52:453][  0]LogLoad: (Engine Initialization) Total Blueprint compile time: 0.00 seconds
[2021.11.04-08.18.52:455][  0]LogContentStreaming: Texture pool size now 1000 MB
[2021.11.04-08.18.52:458][  0]LogSlate: InvalidateAllWidgets triggered.  All widgets were invalidated
[2021.11.04-08.18.52:545][  0]LogRenderer: Reallocating scene render targets to support 128x128 Format 10 NumSamples 1 (Frame:1).
[2021.11.04-08.18.52:568][  0]LogRenderer: Reallocating scene render targets to support 1280x720 Format 10 NumSamples 1 (Frame:2).
[2021.11.04-08.18.52:581][  1]LogSlate: Took 0.000078 seconds to synchronously load lazily loaded font '../../../Engine/Content/Slate/Fonts/Roboto-Regular.ttf' (155K)
[2021.11.04-08.19.03:755][997]Closing by request
[2021.11.04-08.19.03:755][997]LogWindows: FPlatformMisc::RequestExit(0)
[2021.11.04-08.19.03:755][997]LogWindows: FPlatformMisc::RequestExitWithStatus(0, 0)
[2021.11.04-08.19.03:755][997]LogCore: Engine exit requested (reason: Win RequestExit)
[2021.11.04-08.19.03:758][998]LogCore: Engine exit requested (reason: EngineExit() was called; note: exit was already requested)
[2021.11.04-08.19.03:758][998]LogInit: Display: PreExit Game.
[2021.11.04-08.19.03:766][998]LogWorld: BeginTearingDown for /Game/FirstPersonBP/Maps/FirstPersonExampleMap
[2021.11.04-08.19.03:766][998]LogWorld: UWorld::CleanupWorld for FirstPersonExampleMap, bSessionEnded=true, bCleanupResources=true
[2021.11.04-08.19.03:767][998]LogSlate: InvalidateAllWidgets triggered.  All widgets were invalidated
[2021.11.04-08.19.04:555][998]LogAudio: Display: Beginning Audio Device Manager Shutdown (Module: AudioMixerXAudio2)...
[2021.11.04-08.19.04:555][998]LogAudio: Display: Destroying 1 Remaining Audio Device(s)...
[2021.11.04-08.19.04:555][998]LogAudio: Display: Audio Device unregistered from world 'FirstPersonExampleMap'.
[2021.11.04-08.19.04:589][998]LogAudioMixer: FMixerPlatformXAudio2::StopAudioStream() called
[2021.11.04-08.19.04:590][998]LogAudioMixer: FMixerPlatformXAudio2::StopAudioStream() called
[2021.11.04-08.19.04:594][998]LogAudio: Display: Audio Device Manager Shutdown
[2021.11.04-08.19.04:597][998]LogSlate: Window 'Fps3 (64-bit Development PCD3D_SM5) ' being destroyed
[2021.11.04-08.19.04:597][998]LogWindowsTextInputMethodSystem: Display: IME system deactivated.
[2021.11.04-08.19.04:600][998]LogWindowsTextInputMethodSystem: Display: IME system deactivated.
[2021.11.04-08.19.04:603][998]LogExit: Preparing to exit.
[2021.11.04-08.19.05:187][998]LogUObjectHash: Compacting FUObjectHashTables data took   0.84ms
[2021.11.04-08.19.05:206][998]LogMoviePlayer: Shutting down movie player
[2021.11.04-08.19.05:294][998]LogSlate: Updating window title bar state: overlay mode, drag disabled, window buttons hidden, title bar hidden
[2021.11.04-08.19.05:313][998]LogDemo: Cleaned up 0 splitscreen connections with owner deletion
[2021.11.04-08.19.05:315][998]LogExit: Game engine shut down
[2021.11.04-08.19.05:347][998]LogExit: Object subsystem successfully closed.
[2021.11.04-08.19.05:356][998]LogShaderCompilers: Display: === FShaderJobCache stats ===
[2021.11.04-08.19.05:356][998]LogShaderCompilers: Display: Total job queries 0, among them cache hits 0 (0.00%)
[2021.11.04-08.19.05:356][998]LogShaderCompilers: Display: Tracking 0 distinct input hashes that result in 0 distinct outputs (0.00%)
[2021.11.04-08.19.05:356][998]LogShaderCompilers: Display: RAM used: 0.00 MB (0.00 GB) of 819.20 MB (0.80 GB) budget. Usage: 0.00%
[2021.11.04-08.19.05:356][998]LogShaderCompilers: Display: ================================================
[2021.11.04-08.19.05:367][998]LogShaderCompilers: Display: Shaders left to compile 0
[2021.11.04-08.19.05:373][998]LogModuleManager: Shutting down and abandoning module SequenceRecorderSections (560)
[2021.11.04-08.19.05:373][998]LogModuleManager: Shutting down and abandoning module SequenceRecorder (558)
[2021.11.04-08.19.05:373][998]LogModuleManager: Shutting down and abandoning module AutomationController (556)
[2021.11.04-08.19.05:373][998]LogModuleManager: Shutting down and abandoning module AutomationWorker (554)
[2021.11.04-08.19.05:373][998]LogModuleManager: Shutting down and abandoning module Voice (552)
[2021.11.04-08.19.05:373][998]LogModuleManager: Shutting down and abandoning module AIModule (550)
[2021.11.04-08.19.05:373][998]LogModuleManager: Shutting down and abandoning module GameplayDebugger (549)
[2021.11.04-08.19.05:373][998]LogModuleManager: Shutting down and abandoning module AITestSuite (547)
[2021.11.04-08.19.05:373][998]LogModuleManager: Shutting down and abandoning module NavigationSystem (545)
[2021.11.04-08.19.05:373][998]LogModuleManager: Shutting down and abandoning module AnimGraph (542)
[2021.11.04-08.19.05:373][998]LogModuleManager: Shutting down and abandoning module SteamVREditor (540)
[2021.11.04-08.19.05:373][998]LogModuleManager: Shutting down and abandoning module ToolMenus (539)
[2021.11.04-08.19.05:373][998]LogModuleManager: Shutting down and abandoning module OculusMR (536)
[2021.11.04-08.19.05:373][998]LogModuleManager: Shutting down and abandoning module TakeRecorderSources (534)
[2021.11.04-08.19.05:373][998]LogModuleManager: Shutting down and abandoning module TakeRecorder (533)
[2021.11.04-08.19.05:373][998]LogModuleManager: Shutting down and abandoning module TakeTrackRecorders (530)
[2021.11.04-08.19.05:373][998]LogModuleManager: Shutting down and abandoning module TakesCore (528)
[2021.11.04-08.19.05:373][998]LogModuleManager: Shutting down and abandoning module OpenXRInput (526)
[2021.11.04-08.19.05:373][998]LogModuleManager: Shutting down and abandoning module WmfMediaFactory (524)
[2021.11.04-08.19.05:373][998]LogModuleManager: Shutting down and abandoning module WebMMediaFactory (522)
[2021.11.04-08.19.05:373][998]LogModuleManager: Shutting down and abandoning module WebMMedia (520)
[2021.11.04-08.19.05:373][998]LogModuleManager: Shutting down and abandoning module OpenExrWrapper (518)
[2021.11.04-08.19.05:373][998]LogModuleManager: Shutting down and abandoning module ImgMediaFactory (516)
[2021.11.04-08.19.05:373][998]LogModuleManager: Shutting down and abandoning module AvfMediaFactory (514)
[2021.11.04-08.19.05:373][998]LogModuleManager: Shutting down and abandoning module MagicLeapMediaCodecFactory (512)
[2021.11.04-08.19.05:373][998]LogModuleManager: Shutting down and abandoning module MagicLeapMediaFactory (510)
[2021.11.04-08.19.05:373][998]LogModuleManager: Shutting down and abandoning module PlanarCut (508)
[2021.11.04-08.19.05:373][998]LogModuleManager: Shutting down and abandoning module CharacterAI (506)
[2021.11.04-08.19.05:373][998]LogModuleManager: Shutting down and abandoning module SessionServices (504)
[2021.11.04-08.19.05:373][998]LogModuleManager: Shutting down and abandoning module MovieSceneCapture (502)
[2021.11.04-08.19.05:373][998]LogModuleManager: Shutting down and abandoning module LiveCoding (500)
[2021.11.04-08.19.05:373][998]LogModuleManager: Shutting down and abandoning module LevelSequence (498)
[2021.11.04-08.19.05:373][998]LogModuleManager: Shutting down and abandoning module MovieSceneTracks (496)
[2021.11.04-08.19.05:373][998]LogModuleManager: Shutting down and abandoning module MovieScene (494)
[2021.11.04-08.19.05:373][998]LogModuleManager: Shutting down and abandoning module StreamingPauseRendering (492)
[2021.11.04-08.19.05:373][998]LogModuleManager: Shutting down and abandoning module PortalServices (490)
[2021.11.04-08.19.05:373][998]LogModuleManager: Shutting down and abandoning module PortalRpc (488)
[2021.11.04-08.19.05:373][998]LogModuleManager: Shutting down and abandoning module MessagingRpc (486)
[2021.11.04-08.19.05:373][998]LogModuleManager: Shutting down and abandoning module AudioMixerXAudio2 (484)
[2021.11.04-08.19.05:373][998]LogModuleManager: Shutting down and abandoning module AudioMixerCore (483)
[2021.11.04-08.19.05:373][998]LogModuleManager: Shutting down and abandoning module ImageWriteQueue (480)
[2021.11.04-08.19.05:376][998]LogModuleManager: Shutting down and abandoning module ProfilerService (478)
[2021.11.04-08.19.05:463][998]LogModuleManager: Shutting down and abandoning module TaskGraph (476)
[2021.11.04-08.19.05:463][998]LogModuleManager: Shutting down and abandoning module OculusInput (474)
[2021.11.04-08.19.05:463][998]LogModuleManager: Shutting down and abandoning module Synthesis (472)
[2021.11.04-08.19.05:463][998]LogModuleManager: Shutting down and abandoning module TakeMovieScene (470)
[2021.11.04-08.19.05:463][998]LogModuleManager: Shutting down and abandoning module ProceduralMeshComponent (468)
[2021.11.04-08.19.05:463][998]LogModuleManager: Shutting down and abandoning module MobilePatchingUtils (466)
[2021.11.04-08.19.05:463][998]LogModuleManager: Shutting down and abandoning module GooglePAD (464)
[2021.11.04-08.19.05:463][998]LogModuleManager: Shutting down and abandoning module EditableMesh (462)
[2021.11.04-08.19.05:463][998]LogModuleManager: Shutting down and abandoning module CableComponent (460)
[2021.11.04-08.19.05:463][998]LogModuleManager: Shutting down and abandoning module CustomMeshComponent (458)
[2021.11.04-08.19.05:463][998]LogModuleManager: Shutting down and abandoning module AssetTags (456)
[2021.11.04-08.19.05:463][998]LogModuleManager: Shutting down and abandoning module AudioCapture (454)
[2021.11.04-08.19.05:463][998]LogModuleManager: Shutting down and abandoning module AudioCaptureRtAudio (453)
[2021.11.04-08.19.05:463][998]LogModuleManager: Shutting down and abandoning module ArchVisCharacter (450)
[2021.11.04-08.19.05:463][998]LogModuleManager: Shutting down and abandoning module AppleImageUtilsBlueprintSupport (448)
[2021.11.04-08.19.05:463][998]LogModuleManager: Shutting down and abandoning module AppleImageUtils (446)
[2021.11.04-08.19.05:463][998]LogModuleManager: Shutting down and abandoning module AndroidPermission (444)
[2021.11.04-08.19.05:463][998]LogModuleManager: Shutting down and abandoning module ActorLayerUtilities (442)
[2021.11.04-08.19.05:463][998]LogModuleManager: Shutting down and abandoning module TemplateSequence (440)
[2021.11.04-08.19.05:463][998]LogModuleManager: Shutting down and abandoning module MediaCompositing (438)
[2021.11.04-08.19.05:463][998]LogModuleManager: Shutting down and abandoning module ImgMedia (436)
[2021.11.04-08.19.05:463][998]LogModuleManager: Shutting down and abandoning module MagicLeapSharedWorld (434)
[2021.11.04-08.19.05:463][998]LogModuleManager: Shutting down and abandoning module MagicLeapLightEstimation (432)
[2021.11.04-08.19.05:463][998]LogModuleManager: Shutting down and abandoning module MagicLeapHelperVulkan (430)
[2021.11.04-08.19.05:463][998]LogModuleManager: Shutting down and abandoning module MagicLeapHelperOpenGL (428)
[2021.11.04-08.19.05:463][998]LogModuleManager: Shutting down and abandoning module MagicLeapAudio (426)
[2021.11.04-08.19.05:463][998]LogModuleManager: Shutting down and abandoning module OodleNetworkHandlerComponent (424)
[2021.11.04-08.19.05:463][998]LogModuleManager: Shutting down and abandoning module MotoSynth (422)
[2021.11.04-08.19.05:464][998]LogModuleManager: Shutting down and abandoning module OpenImageDenoise (420)
[2021.11.04-08.19.05:464][998]LogOpenImageDenoise: OIDN shutting down
[2021.11.04-08.19.05:464][998]LogModuleManager: Shutting down and abandoning module MeshConversion (418)
[2021.11.04-08.19.05:464][998]LogModuleManager: Shutting down and abandoning module DynamicMesh (416)
[2021.11.04-08.19.05:464][998]LogModuleManager: Shutting down and abandoning module GeometryAlgorithms (414)
[2021.11.04-08.19.05:464][998]LogModuleManager: Shutting down and abandoning module GeometricObjects (412)
[2021.11.04-08.19.05:464][998]LogModuleManager: Shutting down and abandoning module GeometryCacheTracks (410)
[2021.11.04-08.19.05:464][998]LogModuleManager: Shutting down and abandoning module GeometryCacheSequencer (409)
[2021.11.04-08.19.05:464][998]LogModuleManager: Shutting down and abandoning module GeometryCache (406)
[2021.11.04-08.19.05:464][998]LogModuleManager: Shutting down and abandoning module GeometryCacheEd (405)
[2021.11.04-08.19.05:464][998]LogModuleManager: Shutting down and abandoning module GeometryCollectionTracks (402)
[2021.11.04-08.19.05:464][998]LogModuleManager: Shutting down and abandoning module GeometryCollectionSequencer (401)
[2021.11.04-08.19.05:464][998]LogModuleManager: Shutting down and abandoning module ChaosNiagara (398)
[2021.11.04-08.19.05:464][998]LogModuleManager: Shutting down and abandoning module FieldSystemEngine (397)
[2021.11.04-08.19.05:464][998]LogModuleManager: Shutting down and abandoning module BackChannel (394)
[2021.11.04-08.19.05:464][998]LogModuleManager: Shutting down and abandoning module AutomationUtils (392)
[2021.11.04-08.19.05:464][998]LogModuleManager: Shutting down and abandoning module VisualStudioCodeSourceCodeAccess (390)
[2021.11.04-08.19.05:464][998]LogModuleManager: Shutting down and abandoning module VisualStudioSourceCodeAccess (388)
[2021.11.04-08.19.05:464][998]LogModuleManager: Shutting down and abandoning module HotReload (387)
[2021.11.04-08.19.05:464][998]LogModuleManager: Shutting down and abandoning module UObjectPlugin (384)
[2021.11.04-08.19.05:464][998]LogModuleManager: Shutting down and abandoning module SubversionSourceControl (382)
[2021.11.04-08.19.05:464][998]LogModuleManager: Shutting down and abandoning module PerforceSourceControl (380)
[2021.11.04-08.19.05:464][998]LogModuleManager: Shutting down and abandoning module SourceControl (379)
[2021.11.04-08.19.05:464][998]LogModuleManager: Shutting down and abandoning module CLionSourceCodeAccess (376)
[2021.11.04-08.19.05:464][998]LogModuleManager: Shutting down and abandoning module LiveLinkSequencer (374)
[2021.11.04-08.19.05:464][998]LogModuleManager: Shutting down and abandoning module LiveLinkMovieScene (372)
[2021.11.04-08.19.05:464][998]LogModuleManager: Shutting down and abandoning module LiveLinkGraphNode (370)
[2021.11.04-08.19.05:464][998]LogModuleManager: Shutting down and abandoning module LiveLinkComponents (368)
[2021.11.04-08.19.05:464][998]LogModuleManager: Shutting down and abandoning module LiveLink (366)
